<?xml version="1.0" encoding="UTF-8"?>
<robot generator="Robot 6.1.1 (Python 3.11.0 on win32)" generated="20240809 18:21:21.228" rpa="false" schemaversion="4">
<suite id="s1" name="Tags" source="C:\Users\simra\Desktop\BrowserLibrary_RF\BrowserTest\Tags.robot">
<test id="s1-t1" name="My DB Test" line="9">
<kw name="Log To Console" library="BuiltIn">
<arg>This is db test</arg>
<doc>Logs the given message to the console.</doc>
<status status="PASS" starttime="20240809 18:21:21.257" endtime="20240809 18:21:21.258"/>
</kw>
<tag>db</tag>
<tag>regression</tag>
<status status="PASS" starttime="20240809 18:21:21.257" endtime="20240809 18:21:21.258"/>
</test>
<status status="PASS" starttime="20240809 18:21:21.231" endtime="20240809 18:21:21.259"/>
</suite>
<statistics>
<total>
<stat pass="1" fail="0" skip="0">All Tests</stat>
</total>
<tag>
<stat pass="1" fail="0" skip="0">db</stat>
<stat pass="1" fail="0" skip="0">regression</stat>
</tag>
<suite>
<stat pass="1" fail="0" skip="0" id="s1" name="Tags">Tags</stat>
</suite>
</statistics>
<errors>
</errors>
</robot>
