<?xml version="1.0" encoding="UTF-8"?>
<robot generator="Robot 4.1.3 (Python 3.11.0 on win32)" generated="20230708 15:25:34.554" rpa="false" schemaversion="2">
<suite id="s1" name="RobotFramework" source="C:\Users\simra\Desktop\RobotFramework">
<suite id="s1-s1" name="BrowserTest" source="C:\Users\simra\Desktop\RobotFramework\BrowserTest">
<suite id="s1-s1-s1" name="TestBrowser" source="C:\Users\simra\Desktop\RobotFramework\BrowserTest\TestBrowser.robot">
<test id="s1-s1-s1-t1" name="My First Test">
<kw name="New Browser" library="Browser">
<arg>browser=${browser}</arg>
<arg>headless=false</arg>
<arg>args=["--start-maximized"]</arg>
<tag>BrowserControl</tag>
<tag>Setter</tag>
<doc>Create a new playwright Browser with specified options.</doc>
<msg timestamp="20230708 15:25:36.732" level="INFO">{"browser": "chromium", "headless": false, "args": ["--start-maximized"], "devtools": false, "handleSIGHUP": true, "handleSIGINT": true, "handleSIGTERM": true, "slowMo": 0.0, "timeout": 30000.0, "deprecated_pos_args": [], "tracesDir": "C:\\Users\\simra\\Desktop\\RobotFramework\\browser\\traces\\56efe817-5e8a-4b4e-bd9d-c4499d23ba63"}</msg>
<msg timestamp="20230708 15:25:37.583" level="INFO">Successfully created browser with options: {"browser":"chromium","headless":false,"args":["--start-maximized"],"devtools":false,"handleSIGHUP":true,"handleSIGINT":true,"handleSIGTERM":true,"slowMo":0,"timeout":30000,"deprecated_pos_args":[],"tracesDir":"C:\\Users\\simra\\Desktop\\RobotFramework\\browser\\traces\\56efe817-5e8a-4b4e-bd9d-c4499d23ba63"}</msg>
<status status="PASS" starttime="20230708 15:25:36.730" endtime="20230708 15:25:37.583"/>
</kw>
<kw name="New Context" library="Browser">
<arg>viewport=${None}</arg>
<tag>BrowserControl</tag>
<tag>Setter</tag>
<doc>Create a new BrowserContext with specified options.</doc>
<msg timestamp="20230708 15:25:37.585" level="INFO">{
  "acceptDownloads": true,
  "bypassCSP": false,
  "forcedColors": "none",
  "hideRfBrowser": false,
  "ignoreHTTPSErrors": false,
  "javaScriptEnabled": true,
  "offline": false,
  "reducedMotion": "no-preference",
  "deprecated_pos_args": [],
  "viewport": null
}</msg>
<msg timestamp="20230708 15:25:37.600" level="INFO">Successfully created context. </msg>
<msg timestamp="20230708 15:25:37.600" level="INFO">{'acceptDownloads': True, 'bypassCSP': False, 'forcedColors': 'none', 'hideRfBrowser': False, 'ignoreHTTPSErrors': False, 'javaScriptEnabled': True, 'offline': False, 'reducedMotion': 'no-preference', 'deprecated_pos_args': [], 'viewport': None}</msg>
<status status="PASS" starttime="20230708 15:25:37.584" endtime="20230708 15:25:37.601"/>
</kw>
<kw name="New Page" library="Browser">
<arg>${url}</arg>
<tag>BrowserControl</tag>
<tag>Setter</tag>
<doc>Open a new Page.</doc>
<msg timestamp="20230708 15:25:39.113" level="INFO">Successfully initialized new page object and opened url: https://opensource-demo.orangehrmlive.com/web/index.php/auth/login</msg>
<status status="PASS" starttime="20230708 15:25:37.601" endtime="20230708 15:25:39.114"/>
</kw>
<kw name="Type Text" library="Browser">
<arg>xpath=//div[1]/div/div[2]/input</arg>
<arg>Admin</arg>
<tag>PageContent</tag>
<tag>Setter</tag>
<doc>Types the given ``txt`` into the text field found by ``selector``.</doc>
<msg timestamp="20230708 15:25:39.115" level="INFO">Types the text 'Admin' in the given field.</msg>
<status status="PASS" starttime="20230708 15:25:39.114" endtime="20230708 15:25:39.439"/>
</kw>
<kw name="Type Secret" library="Browser">
<arg>xpath=//div[2]/div/div[2]/input</arg>
<arg>admin123</arg>
<tag>PageContent</tag>
<tag>Setter</tag>
<doc>Types the given secret from ``variable_name`` into the text field
found by ``selector``.</doc>
<msg timestamp="20230708 15:25:39.441" level="WARN">Direct assignment of values as 'secret' is deprecated. Use special variable syntax to resolve variable. Example $var instead of ${var}.</msg>
<status status="PASS" starttime="20230708 15:25:39.439" endtime="20230708 15:25:39.522"/>
</kw>
<kw name="Click" library="Browser">
<arg>css=button &gt;&gt; text=Login</arg>
<tag>PageContent</tag>
<tag>Setter</tag>
<doc>Simulates mouse click on the element found by ``selector``.</doc>
<status status="PASS" starttime="20230708 15:25:39.522" endtime="20230708 15:25:40.381"/>
</kw>
<kw name="Sleep" library="BuiltIn">
<arg>4</arg>
<doc>Pauses the test executed for the given time.</doc>
<msg timestamp="20230708 15:25:44.383" level="INFO">Slept 4 seconds</msg>
<status status="PASS" starttime="20230708 15:25:40.382" endtime="20230708 15:25:44.383"/>
</kw>
<kw name="Scroll By" library="Browser">
<arg>${None}</arg>
<arg>300</arg>
<arg>0</arg>
<arg>smooth</arg>
<tag>PageContent</tag>
<tag>Setter</tag>
<doc>Scrolls an element or the page relative from current position by the given values.</doc>
<status status="PASS" starttime="20230708 15:25:44.383" endtime="20230708 15:25:44.408"/>
</kw>
<kw name="Sleep" library="BuiltIn">
<arg>4</arg>
<doc>Pauses the test executed for the given time.</doc>
<msg timestamp="20230708 15:25:48.408" level="INFO">Slept 4 seconds</msg>
<status status="PASS" starttime="20230708 15:25:44.408" endtime="20230708 15:25:48.408"/>
</kw>
<kw name="Scroll To" library="Browser">
<arg>${None}</arg>
<arg>bottom</arg>
<arg>left</arg>
<arg>smooth</arg>
<tag>PageContent</tag>
<tag>Setter</tag>
<doc>Scrolls an element or the page to an absolute position based on given coordinates.</doc>
<status status="PASS" starttime="20230708 15:25:48.408" endtime="20230708 15:25:48.448"/>
</kw>
<kw name="Sleep" library="BuiltIn">
<arg>4</arg>
<doc>Pauses the test executed for the given time.</doc>
<msg timestamp="20230708 15:25:52.450" level="INFO">Slept 4 seconds</msg>
<status status="PASS" starttime="20230708 15:25:48.449" endtime="20230708 15:25:52.450"/>
</kw>
<status status="PASS" starttime="20230708 15:25:36.728" endtime="20230708 15:25:52.450"/>
</test>
<status status="PASS" starttime="20230708 15:25:34.593" endtime="20230708 15:25:52.487"/>
</suite>
<status status="PASS" starttime="20230708 15:25:34.591" endtime="20230708 15:25:52.487"/>
</suite>
<status status="PASS" starttime="20230708 15:25:34.578" endtime="20230708 15:25:52.487"/>
</suite>
<statistics>
<total>
<stat pass="1" fail="0" skip="0">All Tests</stat>
</total>
<tag>
</tag>
<suite>
<stat pass="1" fail="0" skip="0" id="s1" name="RobotFramework">RobotFramework</stat>
<stat pass="1" fail="0" skip="0" id="s1-s1" name="BrowserTest">RobotFramework.BrowserTest</stat>
<stat pass="1" fail="0" skip="0" id="s1-s1-s1" name="TestBrowser">RobotFramework.BrowserTest.TestBrowser</stat>
</suite>
</statistics>
<errors>
<msg timestamp="20230708 15:25:39.441" level="WARN">Direct assignment of values as 'secret' is deprecated. Use special variable syntax to resolve variable. Example $var instead of ${var}.</msg>
</errors>
</robot>
