<?xml version="1.0" encoding="UTF-8"?>
<robot generator="Robot 4.1.3 (Python 3.11.0 on win32)" generated="20230708 15:51:54.261" rpa="false" schemaversion="2">
<suite id="s1" name="BrowserLibrary RF" source="C:\Users\simra\Desktop\BrowserLibrary_RF">
<suite id="s1-s1" name="BrowserTest" source="C:\Users\simra\Desktop\BrowserLibrary_RF\BrowserTest">
<suite id="s1-s1-s1" name="MaximizeWindow" source="C:\Users\simra\Desktop\BrowserLibrary_RF\BrowserTest\MaximizeWindow.robot">
<test id="s1-s1-s1-t1" name="My First Test">
<kw name="New Browser" library="Browser">
<arg>browser=${browser}</arg>
<arg>headless=false</arg>
<arg>args=["--start-maximized"]</arg>
<tag>BrowserControl</tag>
<tag>Setter</tag>
<doc>Create a new playwright Browser with specified options.</doc>
<msg timestamp="20230708 15:51:56.436" level="INFO">{"browser": "chromium", "headless": false, "args": ["--start-maximized"], "devtools": false, "handleSIGHUP": true, "handleSIGINT": true, "handleSIGTERM": true, "slowMo": 0.0, "timeout": 30000.0, "deprecated_pos_args": [], "tracesDir": "C:\\Users\\simra\\Desktop\\BrowserLibrary_RF\\browser\\traces\\4a950123-ecd6-4090-be44-5a27302f6288"}</msg>
<msg timestamp="20230708 15:51:57.292" level="INFO">Successfully created browser with options: {"browser":"chromium","headless":false,"args":["--start-maximized"],"devtools":false,"handleSIGHUP":true,"handleSIGINT":true,"handleSIGTERM":true,"slowMo":0,"timeout":30000,"deprecated_pos_args":[],"tracesDir":"C:\\Users\\simra\\Desktop\\BrowserLibrary_RF\\browser\\traces\\4a950123-ecd6-4090-be44-5a27302f6288"}</msg>
<status status="PASS" starttime="20230708 15:51:56.433" endtime="20230708 15:51:57.292"/>
</kw>
<kw name="New Context" library="Browser">
<arg>viewport=${None}</arg>
<tag>BrowserControl</tag>
<tag>Setter</tag>
<doc>Create a new BrowserContext with specified options.</doc>
<msg timestamp="20230708 15:51:57.294" level="INFO">{
  "acceptDownloads": true,
  "bypassCSP": false,
  "forcedColors": "none",
  "hideRfBrowser": false,
  "ignoreHTTPSErrors": false,
  "javaScriptEnabled": true,
  "offline": false,
  "reducedMotion": "no-preference",
  "deprecated_pos_args": [],
  "viewport": null
}</msg>
<msg timestamp="20230708 15:51:57.309" level="INFO">Successfully created context. </msg>
<msg timestamp="20230708 15:51:57.309" level="INFO">{'acceptDownloads': True, 'bypassCSP': False, 'forcedColors': 'none', 'hideRfBrowser': False, 'ignoreHTTPSErrors': False, 'javaScriptEnabled': True, 'offline': False, 'reducedMotion': 'no-preference', 'deprecated_pos_args': [], 'viewport': None}</msg>
<status status="PASS" starttime="20230708 15:51:57.293" endtime="20230708 15:51:57.309"/>
</kw>
<kw name="New Page" library="Browser">
<arg>${url}</arg>
<tag>BrowserControl</tag>
<tag>Setter</tag>
<doc>Open a new Page.</doc>
<msg timestamp="20230708 15:51:58.884" level="INFO">Successfully initialized new page object and opened url: https://opensource-demo.orangehrmlive.com/web/index.php/auth/login</msg>
<status status="PASS" starttime="20230708 15:51:57.309" endtime="20230708 15:51:58.884"/>
</kw>
<kw name="Type Text" library="Browser">
<arg>xpath=//div[1]/div/div[2]/input</arg>
<arg>Admin</arg>
<tag>PageContent</tag>
<tag>Setter</tag>
<doc>Types the given ``txt`` into the text field found by ``selector``.</doc>
<msg timestamp="20230708 15:51:58.886" level="INFO">Types the text 'Admin' in the given field.</msg>
<status status="PASS" starttime="20230708 15:51:58.885" endtime="20230708 15:51:59.244"/>
</kw>
<kw name="Type Secret" library="Browser">
<arg>xpath=//div[2]/div/div[2]/input</arg>
<arg>admin123</arg>
<tag>PageContent</tag>
<tag>Setter</tag>
<doc>Types the given secret from ``variable_name`` into the text field
found by ``selector``.</doc>
<msg timestamp="20230708 15:51:59.245" level="WARN">Direct assignment of values as 'secret' is deprecated. Use special variable syntax to resolve variable. Example $var instead of ${var}.</msg>
<status status="PASS" starttime="20230708 15:51:59.244" endtime="20230708 15:51:59.322"/>
</kw>
<kw name="Click" library="Browser">
<arg>css=button &gt;&gt; text=Login</arg>
<tag>PageContent</tag>
<tag>Setter</tag>
<doc>Simulates mouse click on the element found by ``selector``.</doc>
<status status="PASS" starttime="20230708 15:51:59.322" endtime="20230708 15:52:00.170"/>
</kw>
<kw name="Sleep" library="BuiltIn">
<arg>4</arg>
<doc>Pauses the test executed for the given time.</doc>
<msg timestamp="20230708 15:52:04.171" level="INFO">Slept 4 seconds</msg>
<status status="PASS" starttime="20230708 15:52:00.170" endtime="20230708 15:52:04.171"/>
</kw>
<kw name="Scroll By" library="Browser">
<arg>${None}</arg>
<arg>300</arg>
<arg>0</arg>
<arg>smooth</arg>
<tag>PageContent</tag>
<tag>Setter</tag>
<doc>Scrolls an element or the page relative from current position by the given values.</doc>
<status status="PASS" starttime="20230708 15:52:04.171" endtime="20230708 15:52:04.204"/>
</kw>
<kw name="Sleep" library="BuiltIn">
<arg>4</arg>
<doc>Pauses the test executed for the given time.</doc>
<msg timestamp="20230708 15:52:08.206" level="INFO">Slept 4 seconds</msg>
<status status="PASS" starttime="20230708 15:52:04.204" endtime="20230708 15:52:08.206"/>
</kw>
<kw name="Scroll To" library="Browser">
<arg>${None}</arg>
<arg>bottom</arg>
<arg>left</arg>
<arg>smooth</arg>
<tag>PageContent</tag>
<tag>Setter</tag>
<doc>Scrolls an element or the page to an absolute position based on given coordinates.</doc>
<status status="PASS" starttime="20230708 15:52:08.206" endtime="20230708 15:52:08.243"/>
</kw>
<kw name="Sleep" library="BuiltIn">
<arg>4</arg>
<doc>Pauses the test executed for the given time.</doc>
<msg timestamp="20230708 15:52:12.244" level="INFO">Slept 4 seconds</msg>
<status status="PASS" starttime="20230708 15:52:08.244" endtime="20230708 15:52:12.244"/>
</kw>
<status status="PASS" starttime="20230708 15:51:56.430" endtime="20230708 15:52:12.244"/>
</test>
<status status="PASS" starttime="20230708 15:51:54.322" endtime="20230708 15:52:12.354"/>
</suite>
<status status="PASS" starttime="20230708 15:51:54.318" endtime="20230708 15:52:12.360"/>
</suite>
<status status="PASS" starttime="20230708 15:51:54.304" endtime="20230708 15:52:12.362"/>
</suite>
<statistics>
<total>
<stat pass="1" fail="0" skip="0">All Tests</stat>
</total>
<tag>
</tag>
<suite>
<stat pass="1" fail="0" skip="0" id="s1" name="BrowserLibrary RF">BrowserLibrary RF</stat>
<stat pass="1" fail="0" skip="0" id="s1-s1" name="BrowserTest">BrowserLibrary RF.BrowserTest</stat>
<stat pass="1" fail="0" skip="0" id="s1-s1-s1" name="MaximizeWindow">BrowserLibrary RF.BrowserTest.MaximizeWindow</stat>
</suite>
</statistics>
<errors>
<msg timestamp="20230708 15:51:59.245" level="WARN">Direct assignment of values as 'secret' is deprecated. Use special variable syntax to resolve variable. Example $var instead of ${var}.</msg>
</errors>
</robot>
