<?xml version="1.0" encoding="UTF-8"?>
<robot generator="Robot 6.1 (Python 3.11.0 on win32)" generated="20230718 19:20:06.104" rpa="false" schemaversion="4">
<suite id="s1" name="Scroll Window" source="C:\Users\simra\Desktop\BrowserLibrary_RF\BrowserTest\Scroll_Window.robot">
<test id="s1-t1" name="Scroll Test" line="8">
<kw name="Open Browser to Dashboard Page" library="Resource" type="SETUP">
<kw name="Open Maximized Browser" library="Resource">
<arg>Chromium</arg>
<kw name="New Browser" library="Browser">
<arg>browser=${browser}</arg>
<arg>headless=false</arg>
<arg>args=["--start-maximized"]</arg>
<tag>BrowserControl</tag>
<tag>Setter</tag>
<doc>Create a new playwright Browser with specified options.</doc>
<msg timestamp="20230718 19:20:08.330" level="INFO">{"browser": "chromium", "headless": false, "args": ["--start-maximized"], "devtools": false, "handleSIGHUP": true, "handleSIGINT": true, "handleSIGTERM": true, "slowMo": 0.0, "timeout": 30000.0, "tracesDir": "C:\\Users\\simra\\Desktop\\BrowserLibrary_RF\\log\\browser\\traces\\2ddb498f-b402-410f-bcfb-e36e477a9f47"}</msg>
<msg timestamp="20230718 19:20:09.198" level="INFO">Successfully created browser with options: {"browser":"chromium","headless":false,"args":["--start-maximized"],"devtools":false,"handleSIGHUP":true,"handleSIGINT":true,"handleSIGTERM":true,"slowMo":0,"timeout":30000,"tracesDir":"C:\\Users\\simra\\Desktop\\BrowserLibrary_RF\\log\\browser\\traces\\2ddb498f-b402-410f-bcfb-e36e477a9f47"}</msg>
<status status="PASS" starttime="20230718 19:20:08.330" endtime="20230718 19:20:09.198"/>
</kw>
<kw name="New Context" library="Browser">
<arg>viewport=${None}</arg>
<tag>BrowserControl</tag>
<tag>Setter</tag>
<doc>Create a new BrowserContext with specified options.</doc>
<msg timestamp="20230718 19:20:09.198" level="INFO">{
  "acceptDownloads": true,
  "bypassCSP": false,
  "forcedColors": "none",
  "hideRfBrowser": "",
  "ignoreHTTPSErrors": false,
  "javaScriptEnabled": true,
  "offline": false,
  "reducedMotion": "no-preference",
  "viewport": null
}</msg>
<msg timestamp="20230718 19:20:09.216" level="INFO">Successfully created context. </msg>
<msg timestamp="20230718 19:20:09.216" level="INFO">{'acceptDownloads': True, 'bypassCSP': False, 'forcedColors': 'none', 'hideRfBrowser': '', 'ignoreHTTPSErrors': False, 'javaScriptEnabled': True, 'offline': False, 'reducedMotion': 'no-preference', 'viewport': None}</msg>
<status status="PASS" starttime="20230718 19:20:09.198" endtime="20230718 19:20:09.216"/>
</kw>
<status status="PASS" starttime="20230718 19:20:08.330" endtime="20230718 19:20:09.216"/>
</kw>
<kw name="Go to OrangHRM" library="Resource">
<arg>https://opensource-demo.orangehrmlive.com/web/index.php/auth/login</arg>
<kw name="New Page" library="Browser">
<arg>${url}</arg>
<tag>BrowserControl</tag>
<tag>Setter</tag>
<doc>Open a new Page.</doc>
<msg timestamp="20230718 19:20:10.950" level="INFO">Successfully initialized new page object and opened url: https://opensource-demo.orangehrmlive.com/web/index.php/auth/login</msg>
<status status="PASS" starttime="20230718 19:20:09.216" endtime="20230718 19:20:10.950"/>
</kw>
<status status="PASS" starttime="20230718 19:20:09.216" endtime="20230718 19:20:10.950"/>
</kw>
<kw name="Valid Login" library="Resource">
<kw name="Type Text" library="Browser">
<arg>xpath=//div[1]/div/div[2]/input</arg>
<arg>Admin</arg>
<tag>PageContent</tag>
<tag>Setter</tag>
<doc>Types the given ``txt`` into the text field found by ``selector``.</doc>
<msg timestamp="20230718 19:20:10.950" level="INFO">Types the text 'Admin' in the given field.</msg>
<status status="PASS" starttime="20230718 19:20:10.950" endtime="20230718 19:20:11.291"/>
</kw>
<kw name="Type Text" library="Browser">
<arg>xpath=//div[2]/div/div[2]/input</arg>
<arg>admin123</arg>
<tag>PageContent</tag>
<tag>Setter</tag>
<doc>Types the given ``txt`` into the text field found by ``selector``.</doc>
<msg timestamp="20230718 19:20:11.291" level="INFO">Types the text 'admin123' in the given field.</msg>
<status status="PASS" starttime="20230718 19:20:11.291" endtime="20230718 19:20:11.370"/>
</kw>
<kw name="Click" library="Browser">
<arg>css=button &gt;&gt; text=Login</arg>
<tag>PageContent</tag>
<tag>Setter</tag>
<doc>Simulates mouse click on the element found by ``selector``.</doc>
<status status="PASS" starttime="20230718 19:20:11.370" endtime="20230718 19:20:12.333"/>
</kw>
<status status="PASS" starttime="20230718 19:20:10.950" endtime="20230718 19:20:12.333"/>
</kw>
<kw name="Wait Sleep" library="Resource">
<kw name="Sleep" library="BuiltIn">
<arg>4</arg>
<doc>Pauses the test executed for the given time.</doc>
<msg timestamp="20230718 19:20:16.334" level="INFO">Slept 4 seconds</msg>
<status status="PASS" starttime="20230718 19:20:12.333" endtime="20230718 19:20:16.334"/>
</kw>
<status status="PASS" starttime="20230718 19:20:12.333" endtime="20230718 19:20:16.334"/>
</kw>
<status status="PASS" starttime="20230718 19:20:08.330" endtime="20230718 19:20:16.334"/>
</kw>
<kw name="Scroll By" library="Browser">
<arg>${None}</arg>
<arg>300</arg>
<arg>0</arg>
<arg>smooth</arg>
<tag>PageContent</tag>
<tag>Setter</tag>
<doc>Scrolls an element or the page relative from current position by the given values.</doc>
<msg timestamp="20230718 19:20:16.344" level="INFO">JavaScript executed successfully.</msg>
<msg timestamp="20230718 19:20:16.344" level="INFO">JavaScript executed successfully.</msg>
<msg timestamp="20230718 19:20:16.360" level="INFO">JavaScript executed successfully.</msg>
<msg timestamp="20230718 19:20:16.360" level="INFO">JavaScript executed successfully.</msg>
<msg timestamp="20230718 19:20:16.381" level="INFO">JavaScript executed successfully.</msg>
<status status="PASS" starttime="20230718 19:20:16.334" endtime="20230718 19:20:16.381"/>
</kw>
<kw name="Sleep" library="BuiltIn">
<arg>4</arg>
<doc>Pauses the test executed for the given time.</doc>
<msg timestamp="20230718 19:20:20.383" level="INFO">Slept 4 seconds</msg>
<status status="PASS" starttime="20230718 19:20:16.381" endtime="20230718 19:20:20.383"/>
</kw>
<kw name="Scroll By" library="Browser">
<arg>${None}</arg>
<arg>-50</arg>
<arg>0</arg>
<arg>smooth</arg>
<tag>PageContent</tag>
<tag>Setter</tag>
<doc>Scrolls an element or the page relative from current position by the given values.</doc>
<msg timestamp="20230718 19:20:20.403" level="INFO">JavaScript executed successfully.</msg>
<msg timestamp="20230718 19:20:20.403" level="INFO">JavaScript executed successfully.</msg>
<msg timestamp="20230718 19:20:20.420" level="INFO">JavaScript executed successfully.</msg>
<msg timestamp="20230718 19:20:20.420" level="INFO">JavaScript executed successfully.</msg>
<msg timestamp="20230718 19:20:20.432" level="INFO">JavaScript executed successfully.</msg>
<status status="PASS" starttime="20230718 19:20:20.383" endtime="20230718 19:20:20.432"/>
</kw>
<kw name="Sleep" library="BuiltIn">
<arg>4</arg>
<doc>Pauses the test executed for the given time.</doc>
<msg timestamp="20230718 19:20:24.432" level="INFO">Slept 4 seconds</msg>
<status status="PASS" starttime="20230718 19:20:20.432" endtime="20230718 19:20:24.432"/>
</kw>
<kw name="Scroll To" library="Browser">
<arg>${None}</arg>
<arg>bottom</arg>
<arg>left</arg>
<arg>auto</arg>
<tag>PageContent</tag>
<tag>Setter</tag>
<doc>Scrolls an element or the page to an absolute position based on given coordinates.</doc>
<msg timestamp="20230718 19:20:24.446" level="INFO">JavaScript executed successfully.</msg>
<msg timestamp="20230718 19:20:24.446" level="INFO">JavaScript executed successfully.</msg>
<msg timestamp="20230718 19:20:24.461" level="INFO">JavaScript executed successfully.</msg>
<msg timestamp="20230718 19:20:24.461" level="INFO">JavaScript executed successfully.</msg>
<msg timestamp="20230718 19:20:24.478" level="INFO">JavaScript executed successfully.</msg>
<status status="PASS" starttime="20230718 19:20:24.432" endtime="20230718 19:20:24.478"/>
</kw>
<kw name="Sleep" library="BuiltIn">
<arg>4</arg>
<doc>Pauses the test executed for the given time.</doc>
<msg timestamp="20230718 19:20:28.479" level="INFO">Slept 4 seconds</msg>
<status status="PASS" starttime="20230718 19:20:24.478" endtime="20230718 19:20:28.479"/>
</kw>
<kw name="Scroll To Element" library="Browser">
<arg>xpath=//div[5]/div/div[1]/div/p</arg>
<tag>PageContent</tag>
<tag>Setter</tag>
<doc>This method waits for actionability checks, then tries to scroll element into view,
unless it is completely visible.</doc>
<status status="PASS" starttime="20230718 19:20:28.479" endtime="20230718 19:20:28.531"/>
</kw>
<kw name="Sleep" library="BuiltIn">
<arg>4</arg>
<doc>Pauses the test executed for the given time.</doc>
<msg timestamp="20230718 19:20:32.533" level="INFO">Slept 4 seconds</msg>
<status status="PASS" starttime="20230718 19:20:28.533" endtime="20230718 19:20:32.533"/>
</kw>
<status status="PASS" starttime="20230718 19:20:08.314" endtime="20230718 19:20:32.533"/>
</test>
<status status="PASS" starttime="20230718 19:20:06.120" endtime="20230718 19:20:32.649"/>
</suite>
<statistics>
<total>
<stat pass="1" fail="0" skip="0">All Tests</stat>
</total>
<tag>
</tag>
<suite>
<stat pass="1" fail="0" skip="0" id="s1" name="Scroll Window">Scroll Window</stat>
</suite>
</statistics>
<errors>
</errors>
</robot>
