<?xml version="1.0" encoding="UTF-8"?>
<robot generator="Robot 6.1.1 (Python 3.11.0 on win32)" generated="20240713 14:01:51.382" rpa="false" schemaversion="4">
<suite id="s1" name="JSONData" source="C:\Users\simra\Desktop\BrowserLibrary_RF\BrowserTest\JSONData.robot">
<test id="s1-t1" name="AddUpdateJsonObject" line="42">
<kw name="Load Json From File" library="JSONLibrary">
<var>${json_data}</var>
<arg>C:\\Users\\simra\\Desktop\\BrowserLibrary_RF\\BrowserTest${/}\\Data\\${TESTDATA}</arg>
<doc>Load JSON from file.</doc>
<msg timestamp="20240713 14:01:53.346" level="INFO">${json_data} = {'url': 'https://opensource-demo.orangehrmlive.com/web/index.php/auth/login', 'username': 'Admin', 'password': 'admin123', 'details': {'firstname': 'Sim', 'lastname': 'Raina'}}</msg>
<status status="PASS" starttime="20240713 14:01:53.344" endtime="20240713 14:01:53.348"/>
</kw>
<kw name="Create Dictionary" library="BuiltIn">
<var>${dict}</var>
<arg>channelName=seniorqa</arg>
<doc>Creates and returns a dictionary based on the given ``items``.</doc>
<msg timestamp="20240713 14:01:53.349" level="INFO">${dict} = {'channelName': 'seniorqa'}</msg>
<status status="PASS" starttime="20240713 14:01:53.348" endtime="20240713 14:01:53.349"/>
</kw>
<kw name="Add Object To Json" library="JSONLibrary">
<var>${json}</var>
<arg>${json_data}</arg>
<arg>details</arg>
<arg>${dict}</arg>
<doc>Add an dictionary or list object to json object using json_path</doc>
<msg timestamp="20240713 14:01:53.374" level="INFO">${json} = {'url': 'https://opensource-demo.orangehrmlive.com/web/index.php/auth/login', 'username': 'Admin', 'password': 'admin123', 'details': {'firstname': 'Sim', 'lastname': 'Raina', 'channelName': 'seniorqa...</msg>
<status status="PASS" starttime="20240713 14:01:53.349" endtime="20240713 14:01:53.374"/>
</kw>
<kw name="Log" library="BuiltIn">
<arg>${json}</arg>
<doc>Logs the given message with the given level.</doc>
<msg timestamp="20240713 14:01:53.375" level="INFO">{'url': 'https://opensource-demo.orangehrmlive.com/web/index.php/auth/login', 'username': 'Admin', 'password': 'admin123', 'details': {'firstname': 'Sim', 'lastname': 'Raina', 'channelName': 'seniorqa'}}</msg>
<status status="PASS" starttime="20240713 14:01:53.375" endtime="20240713 14:01:53.375"/>
</kw>
<kw name="Should Have Value In Json" library="JSONLibrary">
<arg>${json}</arg>
<arg>details.channelName</arg>
<doc>Should Have Value In JSON using JSONPath</doc>
<status status="PASS" starttime="20240713 14:01:53.375" endtime="20240713 14:01:53.391"/>
</kw>
<kw name="Update Value To Json" library="JSONLibrary">
<var>${new_json_data}</var>
<arg>${json}</arg>
<arg>details.firstname</arg>
<arg>Simran</arg>
<doc>Update value to JSON using JSONPath</doc>
<msg timestamp="20240713 14:01:53.408" level="INFO">${new_json_data} = {'url': 'https://opensource-demo.orangehrmlive.com/web/index.php/auth/login', 'username': 'Admin', 'password': 'admin123', 'details': {'firstname': 'Simran', 'lastname': 'Raina', 'channelName': 'senio...</msg>
<status status="PASS" starttime="20240713 14:01:53.392" endtime="20240713 14:01:53.408"/>
</kw>
<kw name="Log" library="BuiltIn">
<arg>${new_json_data}</arg>
<doc>Logs the given message with the given level.</doc>
<msg timestamp="20240713 14:01:53.409" level="INFO">{'url': 'https://opensource-demo.orangehrmlive.com/web/index.php/auth/login', 'username': 'Admin', 'password': 'admin123', 'details': {'firstname': 'Simran', 'lastname': 'Raina', 'channelName': 'seniorqa'}}</msg>
<status status="PASS" starttime="20240713 14:01:53.408" endtime="20240713 14:01:53.409"/>
</kw>
<kw name="Delete Object From Json" library="JSONLibrary">
<var>${updated_json}</var>
<arg>${new_json_data}</arg>
<arg>details.channelName</arg>
<doc>Delete Object From JSON using json_path</doc>
<msg timestamp="20240713 14:01:53.427" level="INFO">${updated_json} = {'url': 'https://opensource-demo.orangehrmlive.com/web/index.php/auth/login', 'username': 'Admin', 'password': 'admin123', 'details': {'firstname': 'Simran', 'lastname': 'Raina'}}</msg>
<status status="PASS" starttime="20240713 14:01:53.409" endtime="20240713 14:01:53.427"/>
</kw>
<kw name="Log" library="BuiltIn">
<arg>${updated_json}</arg>
<doc>Logs the given message with the given level.</doc>
<msg timestamp="20240713 14:01:53.428" level="INFO">{'url': 'https://opensource-demo.orangehrmlive.com/web/index.php/auth/login', 'username': 'Admin', 'password': 'admin123', 'details': {'firstname': 'Simran', 'lastname': 'Raina'}}</msg>
<status status="PASS" starttime="20240713 14:01:53.428" endtime="20240713 14:01:53.428"/>
</kw>
<kw name="Should Not Have Value In Json" library="JSONLibrary">
<arg>${updated_json}</arg>
<arg>details.channelName</arg>
<doc>Should Not Have Value In JSON using JSONPath</doc>
<status status="PASS" starttime="20240713 14:01:53.428" endtime="20240713 14:01:53.443"/>
</kw>
<status status="PASS" starttime="20240713 14:01:53.339" endtime="20240713 14:01:53.444"/>
</test>
<status status="PASS" starttime="20240713 14:01:51.386" endtime="20240713 14:01:53.455"/>
</suite>
<statistics>
<total>
<stat pass="1" fail="0" skip="0">All Tests</stat>
</total>
<tag>
</tag>
<suite>
<stat pass="1" fail="0" skip="0" id="s1" name="JSONData">JSONData</stat>
</suite>
</statistics>
<errors>
</errors>
</robot>
