<?xml version="1.0" encoding="UTF-8"?>
<robot generator="Robot 7.1 (Python 3.11.0 on win32)" generated="2025-08-02T15:26:11.781731" rpa="false" schemaversion="5">
<suite id="s1" name="ShadowDomTest" source="C:\Users\simra\Desktop\BrowserLibrary_RF\BrowserTest\ShadowDomTest.robot">
<test id="s1-t1" name="Click Shop Now Inside Shadow DOM" line="6">
<kw name="New Browser" owner="Browser">
<msg time="2025-08-02T15:26:13.225889" level="INFO">{"browser": "chromium", "headless": false, "devtools": false, "handleSIGHUP": true, "handleSIGINT": true, "handleSIGTERM": true, "slowMo": 0.0, "timeout": 30000.0, "tracesDir": "C:\\Users\\simra\\Desktop\\BrowserLibrary_RF\\log\\browser\\traces\\9f980bfe-e0dd-4bd2-898b-785b320302af"}</msg>
<msg time="2025-08-02T15:26:13.972028" level="INFO">Successfully created browser with options: {"browser":"chromium","headless":false,"devtools":false,"handleSIGHUP":true,"handleSIGINT":true,"handleSIGTERM":true,"slowMo":0,"timeout":30000,"tracesDir":"C:\\Users\\simra\\Desktop\\BrowserLibrary_RF\\log\\browser\\traces\\9f980bfe-e0dd-4bd2-898b-785b320302af"}</msg>
<arg>chromium</arg>
<arg>headless=false</arg>
<tag>BrowserControl</tag>
<tag>Setter</tag>
<doc>Create a new playwright Browser with specified options.</doc>
<status status="PASS" start="2025-08-02T15:26:13.225300" elapsed="0.747726"/>
</kw>
<kw name="New Context" owner="Browser">
<msg time="2025-08-02T15:26:13.975025" level="INFO">{
  "acceptDownloads": true,
  "bypassCSP": false,
  "forcedColors": "none",
  "hideRfBrowser": "",
  "ignoreHTTPSErrors": false,
  "javaScriptEnabled": true,
  "offline": false,
  "reducedMotion": "no-preference",
  "viewport": {
    "height": 720,
    "width": 1280
  }
}</msg>
<msg time="2025-08-02T15:26:14.012456" level="INFO">Successfully created context. </msg>
<msg time="2025-08-02T15:26:14.012456" level="INFO">{'acceptDownloads': True, 'bypassCSP': False, 'forcedColors': 'none', 'hideRfBrowser': '', 'ignoreHTTPSErrors': False, 'javaScriptEnabled': True, 'offline': False, 'reducedMotion': 'no-preference', 'viewport': {'height': 720, 'width': 1280}}</msg>
<tag>BrowserControl</tag>
<tag>Setter</tag>
<doc>Create a new BrowserContext with specified options.</doc>
<status status="PASS" start="2025-08-02T15:26:13.974026" elapsed="0.038430"/>
</kw>
<kw name="New Page" owner="Browser">
<msg time="2025-08-02T15:26:15.761461" level="INFO">Successfully initialized new page object and opened url: https://shop.polymer-project.org/</msg>
<arg>https://shop.polymer-project.org/</arg>
<tag>BrowserControl</tag>
<tag>Setter</tag>
<doc>Open a new Page.</doc>
<status status="PASS" start="2025-08-02T15:26:14.013453" elapsed="1.752541"/>
</kw>
<kw name="Click" owner="Browser">
<arg>shop-home &gt;&gt; shop-button &gt;&gt; a[aria-label="Men's Outerwear Shop Now"]</arg>
<tag>PageContent</tag>
<tag>Setter</tag>
<doc>Simulates mouse click on the element found by ``selector``.</doc>
<status status="PASS" start="2025-08-02T15:26:15.768006" elapsed="0.409662"/>
</kw>
<kw name="Sleep" owner="BuiltIn">
<msg time="2025-08-02T15:26:19.179269" level="INFO">Slept 3 seconds.</msg>
<arg>3s</arg>
<doc>Pauses the test executed for the given time.</doc>
<status status="PASS" start="2025-08-02T15:26:16.178676" elapsed="3.000593"/>
</kw>
<kw name="Close Browser" owner="Browser">
<msg time="2025-08-02T15:26:20.058400" level="INFO">Closed browser</msg>
<tag>BrowserControl</tag>
<tag>Setter</tag>
<doc>Closes the current browser.</doc>
<status status="PASS" start="2025-08-02T15:26:19.179269" elapsed="0.879131"/>
</kw>
<status status="PASS" start="2025-08-02T15:26:13.222204" elapsed="6.837210"/>
</test>
<status status="PASS" start="2025-08-02T15:26:11.784732" elapsed="8.285709"/>
</suite>
<statistics>
<total>
<stat pass="1" fail="0" skip="0">All Tests</stat>
</total>
<tag>
</tag>
<suite>
<stat pass="1" fail="0" skip="0" id="s1" name="ShadowDomTest">ShadowDomTest</stat>
</suite>
</statistics>
<errors>
</errors>
</robot>
