<?xml version="1.0" encoding="UTF-8"?>
<robot generator="Robot 6.1 (Python 3.11.0 on win32)" generated="20240522 09:28:26.237" rpa="false" schemaversion="4">
<suite id="s1" name="DragDropTest" source="C:\Users\simra\Desktop\BrowserLibrary_RF\BrowserTest\DragDropTest.robot">
<test id="s1-t1" name="DragDropTest2" line="18">
<kw name="Open Browser to Droppable Page" library="Resource" type="SETUP">
<kw name="Open Maximized Browser" library="Resource">
<arg>Chromium</arg>
<kw name="New Browser" library="Browser">
<arg>browser=${browser}</arg>
<arg>headless=false</arg>
<arg>args=["--start-maximized"]</arg>
<tag>BrowserControl</tag>
<tag>Setter</tag>
<doc>Create a new playwright Browser with specified options.</doc>
<msg timestamp="20240522 09:28:29.622" level="INFO">{"browser": "chromium", "headless": false, "args": ["--start-maximized"], "devtools": false, "handleSIGHUP": true, "handleSIGINT": true, "handleSIGTERM": true, "slowMo": 0.0, "timeout": 30000.0, "tracesDir": "C:\\Users\\simra\\Desktop\\BrowserLibrary_RF\\log\\browser\\traces\\a7702c59-7d38-4b8a-b639-5ed859de03de"}</msg>
<msg timestamp="20240522 09:28:30.695" level="INFO">Successfully created browser with options: {"browser":"chromium","headless":false,"args":["--start-maximized"],"devtools":false,"handleSIGHUP":true,"handleSIGINT":true,"handleSIGTERM":true,"slowMo":0,"timeout":30000,"tracesDir":"C:\\Users\\simra\\Desktop\\BrowserLibrary_RF\\log\\browser\\traces\\a7702c59-7d38-4b8a-b639-5ed859de03de"}</msg>
<status status="PASS" starttime="20240522 09:28:29.620" endtime="20240522 09:28:30.696"/>
</kw>
<kw name="New Context" library="Browser">
<arg>viewport=${None}</arg>
<tag>BrowserControl</tag>
<tag>Setter</tag>
<doc>Create a new BrowserContext with specified options.</doc>
<msg timestamp="20240522 09:28:30.701" level="INFO">{
  "acceptDownloads": true,
  "bypassCSP": false,
  "forcedColors": "none",
  "hideRfBrowser": "",
  "ignoreHTTPSErrors": false,
  "javaScriptEnabled": true,
  "offline": false,
  "reducedMotion": "no-preference",
  "viewport": null
}</msg>
<msg timestamp="20240522 09:28:30.725" level="INFO">Successfully created context. </msg>
<msg timestamp="20240522 09:28:30.725" level="INFO">{'acceptDownloads': True, 'bypassCSP': False, 'forcedColors': 'none', 'hideRfBrowser': '', 'ignoreHTTPSErrors': False, 'javaScriptEnabled': True, 'offline': False, 'reducedMotion': 'no-preference', 'viewport': None}</msg>
<status status="PASS" starttime="20240522 09:28:30.698" endtime="20240522 09:28:30.725"/>
</kw>
<status status="PASS" starttime="20240522 09:28:29.619" endtime="20240522 09:28:30.725"/>
</kw>
<kw name="Go to Site" library="Resource">
<arg>https://demoqa.com/droppable</arg>
<kw name="New Page" library="Browser">
<arg>${url}</arg>
<tag>BrowserControl</tag>
<tag>Setter</tag>
<doc>Open a new Page.</doc>
<msg timestamp="20240522 09:28:33.193" level="INFO">Successfully initialized new page object and opened url: https://demoqa.com/droppable</msg>
<status status="PASS" starttime="20240522 09:28:30.726" endtime="20240522 09:28:33.193"/>
</kw>
<status status="PASS" starttime="20240522 09:28:30.725" endtime="20240522 09:28:33.195"/>
</kw>
<status status="PASS" starttime="20240522 09:28:29.619" endtime="20240522 09:28:33.196"/>
</kw>
<kw name=" Calculate Drag And Drop Coordinates" library="Resource">
<var>@{list}</var>
<kw name="Get BoundingBox" library="Browser">
<var>&amp;{drag}</var>
<arg>//div[@id='draggable']</arg>
<tag>Assertion</tag>
<tag>Getter</tag>
<tag>PageContent</tag>
<doc>Gets elements size and location as an object ``{x: float, y: float, width: float, height: float}``.</doc>
<msg timestamp="20240522 09:28:33.265" level="INFO">&amp;{drag} = { x=444.82293701171875 | y=337.66668701171875 | width=100 | height=40 }</msg>
<status status="PASS" starttime="20240522 09:28:33.198" endtime="20240522 09:28:33.265"/>
</kw>
<kw name="Log" library="BuiltIn">
<arg>${drag}</arg>
<doc>Logs the given message with the given level.</doc>
<msg timestamp="20240522 09:28:33.265" level="INFO">{'x': 444.82293701171875, 'y': 337.66668701171875, 'width': 100, 'height': 40}</msg>
<status status="PASS" starttime="20240522 09:28:33.265" endtime="20240522 09:28:33.265"/>
</kw>
<kw name="Get BoundingBox" library="Browser">
<var>&amp;{drop}</var>
<arg>//div[1]/div/div[@id='droppable']</arg>
<tag>Assertion</tag>
<tag>Getter</tag>
<tag>PageContent</tag>
<doc>Gets elements size and location as an object ``{x: float, y: float, width: float, height: float}``.</doc>
<msg timestamp="20240522 09:28:33.363" level="INFO">&amp;{drop} = { x=668.5 | y=329.66668701171875 | width=150 | height=150 }</msg>
<status status="PASS" starttime="20240522 09:28:33.265" endtime="20240522 09:28:33.363"/>
</kw>
<kw name="Get Dictionary Values" library="Collections">
<var>@{list_drag}</var>
<arg>${drag}</arg>
<doc>Returns values of the given ``dictionary`` as a list.</doc>
<msg timestamp="20240522 09:28:33.365" level="INFO">@{list_drag} = [ 40 | 100 | 444.82293701171875 | 337.66668701171875 ]</msg>
<status status="PASS" starttime="20240522 09:28:33.365" endtime="20240522 09:28:33.365"/>
</kw>
<kw name="Get Dictionary Values" library="Collections">
<var>@{list_drop}</var>
<arg>${drop}</arg>
<doc>Returns values of the given ``dictionary`` as a list.</doc>
<msg timestamp="20240522 09:28:33.366" level="INFO">@{list_drop} = [ 150 | 150 | 668.5 | 329.66668701171875 ]</msg>
<status status="PASS" starttime="20240522 09:28:33.365" endtime="20240522 09:28:33.366"/>
</kw>
<kw name="Set Variable" library="BuiltIn">
<var>${x_drag}</var>
<arg>${list_drag}[2]</arg>
<doc>Returns the given values which can then be assigned to a variables.</doc>
<msg timestamp="20240522 09:28:33.367" level="INFO">${x_drag} = 444.82293701171875</msg>
<status status="PASS" starttime="20240522 09:28:33.366" endtime="20240522 09:28:33.367"/>
</kw>
<kw name="Set Variable" library="BuiltIn">
<var>${y_drag}</var>
<arg>${list_drag}[3]</arg>
<doc>Returns the given values which can then be assigned to a variables.</doc>
<msg timestamp="20240522 09:28:33.367" level="INFO">${y_drag} = 337.66668701171875</msg>
<status status="PASS" starttime="20240522 09:28:33.367" endtime="20240522 09:28:33.367"/>
</kw>
<kw name="Set Variable" library="BuiltIn">
<var>${x_drop}</var>
<arg>${list_drop}[2]</arg>
<doc>Returns the given values which can then be assigned to a variables.</doc>
<msg timestamp="20240522 09:28:33.369" level="INFO">${x_drop} = 668.5</msg>
<status status="PASS" starttime="20240522 09:28:33.368" endtime="20240522 09:28:33.369"/>
</kw>
<kw name="Set Variable" library="BuiltIn">
<var>${y_drop}</var>
<arg>${list_drop}[3]</arg>
<doc>Returns the given values which can then be assigned to a variables.</doc>
<msg timestamp="20240522 09:28:33.372" level="INFO">${y_drop} = 329.66668701171875</msg>
<status status="PASS" starttime="20240522 09:28:33.371" endtime="20240522 09:28:33.372"/>
</kw>
<msg timestamp="20240522 09:28:33.373" level="INFO">@{list} = [ 444.82293701171875 | 337.66668701171875 | 668.5 | 329.66668701171875 ]</msg>
<status status="PASS" starttime="20240522 09:28:33.197" endtime="20240522 09:28:33.373"/>
</kw>
<kw name="Scroll To Element" library="Browser">
<arg>//div[@id='draggable']</arg>
<tag>PageContent</tag>
<tag>Setter</tag>
<doc>This method waits for actionability checks, then tries to scroll element into view,
unless it is completely visible.</doc>
<status status="PASS" starttime="20240522 09:28:33.373" endtime="20240522 09:28:33.507"/>
</kw>
<kw name="Drag And Drop By Coordinates" library="Browser">
<arg>from_x=${list}[0]</arg>
<arg>from_y=${list}[1]</arg>
<arg>to_x=${list}[2]</arg>
<arg>to_y=${list}[3]</arg>
<tag>PageContent</tag>
<tag>Setter</tag>
<doc>Executes a Drag&amp;Drop operation from a coordinate to another coordinate.</doc>
<msg timestamp="20240522 09:28:33.511" level="INFO">Moving mouse to x: 444.82293701171875, y: 337.66668701171875 coordinates.</msg>
<msg timestamp="20240522 09:28:33.560" level="INFO">Moving mouse to x: 668.5, y: 329.66668701171875 coordinates.</msg>
<msg timestamp="20240522 09:28:33.714" level="INFO">No coordinates where set. Action appears at current position.</msg>
<status status="PASS" starttime="20240522 09:28:33.508" endtime="20240522 09:28:33.730"/>
</kw>
<kw name="Pause Execution" library="Dialogs">
<doc>Pauses execution until user clicks ``Ok`` button.</doc>
<status status="PASS" starttime="20240522 09:28:33.730" endtime="20240522 09:28:43.558"/>
</kw>
<status status="PASS" starttime="20240522 09:28:29.612" endtime="20240522 09:28:43.559"/>
</test>
<status status="PASS" starttime="20240522 09:28:26.243" endtime="20240522 09:28:43.759"/>
</suite>
<statistics>
<total>
<stat pass="1" fail="0" skip="0">All Tests</stat>
</total>
<tag>
</tag>
<suite>
<stat pass="1" fail="0" skip="0" id="s1" name="DragDropTest">DragDropTest</stat>
</suite>
</statistics>
<errors>
</errors>
</robot>
