<?xml version="1.0" encoding="UTF-8"?>
<robot generator="Robot 6.1 (Python 3.11.0 on win32)" generated="20230911 12:15:19.225" rpa="false" schemaversion="4">
<suite id="s1" name="Navigation" source="C:\Users\simra\Desktop\BrowserLibrary_RF\BrowserTest\Navigation.robot">
<test id="s1-t1" name="NavigationTest" line="9">
<kw name="Open Browser to Demo Page" library="Resource" type="SETUP">
<kw name="Open Maximized Browser" library="Resource">
<arg>Chromium</arg>
<kw name="New Browser" library="Browser">
<arg>browser=${browser}</arg>
<arg>headless=false</arg>
<arg>args=["--start-maximized"]</arg>
<tag>BrowserControl</tag>
<tag>Setter</tag>
<doc>Create a new playwright Browser with specified options.</doc>
<msg timestamp="20230911 12:15:23.458" level="INFO">{"browser": "chromium", "headless": false, "args": ["--start-maximized"], "devtools": false, "handleSIGHUP": true, "handleSIGINT": true, "handleSIGTERM": true, "slowMo": 0.0, "timeout": 30000.0, "tracesDir": "C:\\Users\\simra\\Desktop\\BrowserLibrary_RF\\log\\browser\\traces\\228a200e-ac9f-492d-98e8-255726bda279"}</msg>
<msg timestamp="20230911 12:15:25.164" level="INFO">Successfully created browser with options: {"browser":"chromium","headless":false,"args":["--start-maximized"],"devtools":false,"handleSIGHUP":true,"handleSIGINT":true,"handleSIGTERM":true,"slowMo":0,"timeout":30000,"tracesDir":"C:\\Users\\simra\\Desktop\\BrowserLibrary_RF\\log\\browser\\traces\\228a200e-ac9f-492d-98e8-255726bda279"}</msg>
<status status="PASS" starttime="20230911 12:15:23.456" endtime="20230911 12:15:25.164"/>
</kw>
<kw name="New Context" library="Browser">
<arg>viewport=${None}</arg>
<tag>BrowserControl</tag>
<tag>Setter</tag>
<doc>Create a new BrowserContext with specified options.</doc>
<msg timestamp="20230911 12:15:25.166" level="INFO">{
  "acceptDownloads": true,
  "bypassCSP": false,
  "forcedColors": "none",
  "hideRfBrowser": "",
  "ignoreHTTPSErrors": false,
  "javaScriptEnabled": true,
  "offline": false,
  "reducedMotion": "no-preference",
  "viewport": null
}</msg>
<msg timestamp="20230911 12:15:25.194" level="INFO">Successfully created context. </msg>
<msg timestamp="20230911 12:15:25.194" level="INFO">{'acceptDownloads': True, 'bypassCSP': False, 'forcedColors': 'none', 'hideRfBrowser': '', 'ignoreHTTPSErrors': False, 'javaScriptEnabled': True, 'offline': False, 'reducedMotion': 'no-preference', 'viewport': None}</msg>
<status status="PASS" starttime="20230911 12:15:25.165" endtime="20230911 12:15:25.194"/>
</kw>
<status status="PASS" starttime="20230911 12:15:23.455" endtime="20230911 12:15:25.195"/>
</kw>
<kw name="Go to Site" library="Resource">
<arg>https://demo.nopcommerce.com/</arg>
<kw name="New Page" library="Browser">
<arg>${url}</arg>
<tag>BrowserControl</tag>
<tag>Setter</tag>
<doc>Open a new Page.</doc>
<msg timestamp="20230911 12:15:26.934" level="INFO">Successfully initialized new page object and opened url: https://demo.nopcommerce.com/</msg>
<status status="PASS" starttime="20230911 12:15:25.195" endtime="20230911 12:15:26.935"/>
</kw>
<status status="PASS" starttime="20230911 12:15:25.195" endtime="20230911 12:15:26.938"/>
</kw>
<kw name="Wait Sleep" library="Resource">
<kw name="Sleep" library="BuiltIn">
<arg>2</arg>
<doc>Pauses the test executed for the given time.</doc>
<msg timestamp="20230911 12:15:28.943" level="INFO">Slept 2 seconds</msg>
<status status="PASS" starttime="20230911 12:15:26.941" endtime="20230911 12:15:28.944"/>
</kw>
<status status="PASS" starttime="20230911 12:15:26.939" endtime="20230911 12:15:28.944"/>
</kw>
<status status="PASS" starttime="20230911 12:15:23.453" endtime="20230911 12:15:28.945"/>
</kw>
<kw name="Click" library="Browser">
<arg>li &gt; .ico-register</arg>
<tag>PageContent</tag>
<tag>Setter</tag>
<doc>Simulates mouse click on the element found by ``selector``.</doc>
<status status="PASS" starttime="20230911 12:15:28.945" endtime="20230911 12:15:29.442"/>
</kw>
<kw name="Go Back" library="Browser">
<tag>BrowserControl</tag>
<tag>Setter</tag>
<doc>Navigates to the previous page in history.</doc>
<msg timestamp="20230911 12:15:29.871" level="INFO">Did Go Back</msg>
<status status="PASS" starttime="20230911 12:15:29.443" endtime="20230911 12:15:29.871"/>
</kw>
<kw name="Wait Sleep" library="Resource">
<kw name="Sleep" library="BuiltIn">
<arg>2</arg>
<doc>Pauses the test executed for the given time.</doc>
<msg timestamp="20230911 12:15:31.872" level="INFO">Slept 2 seconds</msg>
<status status="PASS" starttime="20230911 12:15:29.872" endtime="20230911 12:15:31.873"/>
</kw>
<status status="PASS" starttime="20230911 12:15:29.871" endtime="20230911 12:15:31.873"/>
</kw>
<kw name="Go Forward" library="Browser">
<tag>BrowserControl</tag>
<tag>Setter</tag>
<doc>Navigates to the next page in history.</doc>
<msg timestamp="20230911 12:15:32.807" level="INFO">Did Go Forward</msg>
<status status="PASS" starttime="20230911 12:15:31.874" endtime="20230911 12:15:32.807"/>
</kw>
<kw name="Wait Sleep" library="Resource">
<kw name="Sleep" library="BuiltIn">
<arg>2</arg>
<doc>Pauses the test executed for the given time.</doc>
<msg timestamp="20230911 12:15:34.809" level="INFO">Slept 2 seconds</msg>
<status status="PASS" starttime="20230911 12:15:32.809" endtime="20230911 12:15:34.810"/>
</kw>
<status status="PASS" starttime="20230911 12:15:32.808" endtime="20230911 12:15:34.811"/>
</kw>
<status status="PASS" starttime="20230911 12:15:23.447" endtime="20230911 12:15:34.811"/>
</test>
<status status="PASS" starttime="20230911 12:15:19.227" endtime="20230911 12:15:34.994"/>
</suite>
<statistics>
<total>
<stat pass="1" fail="0" skip="0">All Tests</stat>
</total>
<tag>
</tag>
<suite>
<stat pass="1" fail="0" skip="0" id="s1" name="Navigation">Navigation</stat>
</suite>
</statistics>
<errors>
</errors>
</robot>
