<?xml version="1.0" encoding="UTF-8"?>
<robot generator="Robot 6.1 (Python 3.11.0 on win32)" generated="20230824 14:23:34.248" rpa="false" schemaversion="4">
<suite id="s1" name="FillText" source="C:\Users\simra\Desktop\BrowserLibrary_RF\BrowserTest\FillText.robot">
<test id="s1-t1" name="FillTextTest" line="10">
<kw name="Open Browser to Demo Page" library="Resource" type="SETUP">
<kw name="Open Maximized Browser" library="Resource">
<arg>Chromium</arg>
<kw name="New Browser" library="Browser">
<arg>browser=${browser}</arg>
<arg>headless=false</arg>
<arg>args=["--start-maximized"]</arg>
<tag>BrowserControl</tag>
<tag>Setter</tag>
<doc>Create a new playwright Browser with specified options.</doc>
<msg timestamp="20230824 14:23:37.553" level="INFO">{"browser": "chromium", "headless": false, "args": ["--start-maximized"], "devtools": false, "handleSIGHUP": true, "handleSIGINT": true, "handleSIGTERM": true, "slowMo": 0.0, "timeout": 30000.0, "tracesDir": "C:\\Users\\simra\\Desktop\\BrowserLibrary_RF\\log\\browser\\traces\\758e91f0-ecf5-46f2-aa26-059c744ec277"}</msg>
<msg timestamp="20230824 14:23:38.714" level="INFO">Successfully created browser with options: {"browser":"chromium","headless":false,"args":["--start-maximized"],"devtools":false,"handleSIGHUP":true,"handleSIGINT":true,"handleSIGTERM":true,"slowMo":0,"timeout":30000,"tracesDir":"C:\\Users\\simra\\Desktop\\BrowserLibrary_RF\\log\\browser\\traces\\758e91f0-ecf5-46f2-aa26-059c744ec277"}</msg>
<status status="PASS" starttime="20230824 14:23:37.550" endtime="20230824 14:23:38.715"/>
</kw>
<kw name="New Context" library="Browser">
<arg>viewport=${None}</arg>
<tag>BrowserControl</tag>
<tag>Setter</tag>
<doc>Create a new BrowserContext with specified options.</doc>
<msg timestamp="20230824 14:23:38.720" level="INFO">{
  "acceptDownloads": true,
  "bypassCSP": false,
  "forcedColors": "none",
  "hideRfBrowser": "",
  "ignoreHTTPSErrors": false,
  "javaScriptEnabled": true,
  "offline": false,
  "reducedMotion": "no-preference",
  "viewport": null
}</msg>
<msg timestamp="20230824 14:23:38.739" level="INFO">Successfully created context. </msg>
<msg timestamp="20230824 14:23:38.739" level="INFO">{'acceptDownloads': True, 'bypassCSP': False, 'forcedColors': 'none', 'hideRfBrowser': '', 'ignoreHTTPSErrors': False, 'javaScriptEnabled': True, 'offline': False, 'reducedMotion': 'no-preference', 'viewport': None}</msg>
<status status="PASS" starttime="20230824 14:23:38.716" endtime="20230824 14:23:38.739"/>
</kw>
<status status="PASS" starttime="20230824 14:23:37.550" endtime="20230824 14:23:38.739"/>
</kw>
<kw name="Go to Site" library="Resource">
<arg>https://demo.nopcommerce.com/</arg>
<kw name="New Page" library="Browser">
<arg>${url}</arg>
<tag>BrowserControl</tag>
<tag>Setter</tag>
<doc>Open a new Page.</doc>
<msg timestamp="20230824 14:23:39.984" level="INFO">Successfully initialized new page object and opened url: https://demo.nopcommerce.com/</msg>
<status status="PASS" starttime="20230824 14:23:38.740" endtime="20230824 14:23:39.984"/>
</kw>
<status status="PASS" starttime="20230824 14:23:38.739" endtime="20230824 14:23:39.985"/>
</kw>
<kw name="Wait Sleep" library="Resource">
<kw name="Sleep" library="BuiltIn">
<arg>2</arg>
<doc>Pauses the test executed for the given time.</doc>
<msg timestamp="20230824 14:23:41.986" level="INFO">Slept 2 seconds</msg>
<status status="PASS" starttime="20230824 14:23:39.986" endtime="20230824 14:23:41.987"/>
</kw>
<status status="PASS" starttime="20230824 14:23:39.985" endtime="20230824 14:23:41.988"/>
</kw>
<status status="PASS" starttime="20230824 14:23:37.549" endtime="20230824 14:23:41.989"/>
</kw>
<kw name="Fill Text" library="Browser">
<arg>id=${locator}</arg>
<arg>test</arg>
<tag>PageContent</tag>
<tag>Setter</tag>
<doc>Clears and fills the given ``txt`` into the text field found by ``selector``.</doc>
<msg timestamp="20230824 14:23:41.991" level="INFO">Fills the text 'test' in the given field.</msg>
<status status="PASS" starttime="20230824 14:23:41.990" endtime="20230824 14:23:42.086"/>
</kw>
<kw name="Clear Text" library="Browser">
<arg>id=${locator}</arg>
<tag>PageContent</tag>
<tag>Setter</tag>
<doc>Clears the text field found by ``selector``.</doc>
<status status="PASS" starttime="20230824 14:23:42.088" endtime="20230824 14:23:42.140"/>
</kw>
<kw name="Wait Sleep" library="Resource">
<kw name="Sleep" library="BuiltIn">
<arg>2</arg>
<doc>Pauses the test executed for the given time.</doc>
<msg timestamp="20230824 14:23:44.145" level="INFO">Slept 2 seconds</msg>
<status status="PASS" starttime="20230824 14:23:42.143" endtime="20230824 14:23:44.146"/>
</kw>
<status status="PASS" starttime="20230824 14:23:42.142" endtime="20230824 14:23:44.146"/>
</kw>
<status status="PASS" starttime="20230824 14:23:37.546" endtime="20230824 14:23:44.147"/>
</test>
<status status="PASS" starttime="20230824 14:23:34.250" endtime="20230824 14:23:44.417"/>
</suite>
<statistics>
<total>
<stat pass="1" fail="0" skip="0">All Tests</stat>
</total>
<tag>
</tag>
<suite>
<stat pass="1" fail="0" skip="0" id="s1" name="FillText">FillText</stat>
</suite>
</statistics>
<errors>
</errors>
</robot>
