<?xml version="1.0" encoding="UTF-8"?>
<robot generator="Robot 6.1 (Python 3.11.0 on win32)" generated="20240412 13:40:10.197" rpa="false" schemaversion="4">
<suite id="s1" name="ImageHorizon" source="C:\Users\simra\Desktop\BrowserLibrary_RF\BrowserTest\ImageHorizon.robot">
<test id="s1-t1" name="Test1" line="16">
<kw name="Open Maximized URL" library="Resource" type="SETUP">
<arg>${browser}</arg>
<arg>${url}</arg>
<kw name="New Persistent Context" library="Browser">
<arg>browser=${browser}</arg>
<arg>headless=false</arg>
<arg>args=["--start-maximized"]</arg>
<arg>viewport=${None}</arg>
<arg>url=${url}</arg>
<doc>Open a new
[https://playwright.dev/docs/api/class-browsertype#browser-type-launch-persistent-context | persistent context].</doc>
<msg timestamp="20240412 13:40:12.653" level="INFO">{
  "userDataDir": "",
  "browser": "chromium",
  "headless": false,
  "acceptDownloads": true,
  "args": [
    "--start-maximized"
  ],
  "bypassCSP": false,
  "devtools": false,
  "forcedColors": "none",
  "handleSIGHUP": true,
  "handleSIGINT": true,
  "handleSIGTERM": true,
  "hideRfBrowser": "",
  "ignoreHTTPSErrors": false,
  "javaScriptEnabled": true,
  "offline": false,
  "reducedMotion": "no-preference",
  "slowMo": 0.0,
  "timeout": 30000.0,
  "url": "https://the-internet.herokuapp.com/login",
  "viewport": null,
  "tracesDir": "C:\\Users\\simra\\Desktop\\BrowserLibrary_RF\\log\\browser\\traces\\00f94995-d5d1-415a-b29c-7565225a33a5"
}</msg>
<msg timestamp="20240412 13:40:13.886" level="INFO">Successfully created context. </msg>
<msg timestamp="20240412 13:40:13.888" level="INFO">{'userDataDir': '', 'browser': 'chromium', 'headless': False, 'acceptDownloads': True, 'args': ['--start-maximized'], 'bypassCSP': False, 'devtools': False, 'forcedColors': 'none', 'handleSIGHUP': True, 'handleSIGINT': True, 'handleSIGTERM': True, 'hideRfBrowser': '', 'ignoreHTTPSErrors': False, 'javaScriptEnabled': True, 'offline': False, 'reducedMotion': 'no-preference', 'slowMo': 0, 'timeout': 30000, 'url': 'https://the-internet.herokuapp.com/login', 'viewport': None, 'tracesDir': 'C:\\Users\\simra\\Desktop\\BrowserLibrary_RF\\log\\browser\\traces\\00f94995-d5d1-415a-b29c-7565225a33a5'}</msg>
<status status="PASS" starttime="20240412 13:40:12.648" endtime="20240412 13:40:16.119"/>
</kw>
<status status="PASS" starttime="20240412 13:40:12.648" endtime="20240412 13:40:16.120"/>
</kw>
<kw name="Click Image" library="ImageHorizonLibrary">
<arg>Username</arg>
<doc>Finds the reference image on screen and clicks it once.</doc>
<msg timestamp="20240412 13:40:16.390" level="INFO">Image "C:\Users\simra\Desktop\BrowserLibrary_RF\BrowserTest\Images\username.png" found at Box(left=209, top=492, width=754, height=104)</msg>
<msg timestamp="20240412 13:40:16.391" level="INFO">Clicking image "Username" in position (586, 544)</msg>
<status status="PASS" starttime="20240412 13:40:16.121" endtime="20240412 13:40:16.501"/>
</kw>
<kw name="Type" library="ImageHorizonLibrary">
<arg>tomsmith</arg>
<doc>Type text and keyboard keys.</doc>
<status status="PASS" starttime="20240412 13:40:16.501" endtime="20240412 13:40:16.606"/>
</kw>
<kw name="Click Image" library="ImageHorizonLibrary">
<arg>Password</arg>
<doc>Finds the reference image on screen and clicks it once.</doc>
<msg timestamp="20240412 13:40:16.791" level="INFO">Image "C:\Users\simra\Desktop\BrowserLibrary_RF\BrowserTest\Images\password.png" found at Box(left=209, top=599, width=754, height=92)</msg>
<msg timestamp="20240412 13:40:16.791" level="INFO">Clicking image "Password" in position (586, 645)</msg>
<status status="PASS" starttime="20240412 13:40:16.608" endtime="20240412 13:40:16.897"/>
</kw>
<kw name="Type" library="ImageHorizonLibrary">
<arg>${password}</arg>
<doc>Type text and keyboard keys.</doc>
<status status="PASS" starttime="20240412 13:40:16.898" endtime="20240412 13:40:17.011"/>
</kw>
<kw name="Click Image" library="ImageHorizonLibrary">
<arg>Login Button</arg>
<doc>Finds the reference image on screen and clicks it once.</doc>
<msg timestamp="20240412 13:40:17.202" level="INFO">Image "C:\Users\simra\Desktop\BrowserLibrary_RF\BrowserTest\Images\login_button.png" found at Box(left=209, top=686, width=283, height=116)</msg>
<msg timestamp="20240412 13:40:17.203" level="INFO">Clicking image "Login Button" in position (350, 744)</msg>
<status status="PASS" starttime="20240412 13:40:17.012" endtime="20240412 13:40:17.306"/>
</kw>
<kw name="Pause" library="ImageHorizonLibrary">
<doc>Shows a dialog that must be dismissed with manually clicking.</doc>
<status status="PASS" starttime="20240412 13:40:17.306" endtime="20240412 13:40:22.064"/>
</kw>
<status status="PASS" starttime="20240412 13:40:12.642" endtime="20240412 13:40:22.065"/>
</test>
<status status="PASS" starttime="20240412 13:40:10.201" endtime="20240412 13:40:22.522"/>
</suite>
<statistics>
<total>
<stat pass="1" fail="0" skip="0">All Tests</stat>
</total>
<tag>
</tag>
<suite>
<stat pass="1" fail="0" skip="0" id="s1" name="ImageHorizon">ImageHorizon</stat>
</suite>
</statistics>
<errors>
</errors>
</robot>
