<?xml version="1.0" encoding="UTF-8"?>
<robot generator="Robot 6.1 (Python 3.11.0 on win32)" generated="20230724 14:53:03.630" rpa="false" schemaversion="4">
<suite id="s1" name="TestBrowser" source="C:\Users\simra\Desktop\BrowserLibrary_RF\BrowserTest\TestBrowser.robot">
<test id="s1-t1" name="My First Test" line="15">
<kw name="Open Maximized Browser" library="Resource" type="SETUP">
<arg>${browser}</arg>
<kw name="New Browser" library="Browser">
<arg>browser=${browser}</arg>
<arg>headless=false</arg>
<arg>args=["--start-maximized"]</arg>
<tag>BrowserControl</tag>
<tag>Setter</tag>
<doc>Create a new playwright Browser with specified options.</doc>
<msg timestamp="20230724 14:53:05.822" level="INFO">{"browser": "chromium", "headless": false, "args": ["--start-maximized"], "devtools": false, "handleSIGHUP": true, "handleSIGINT": true, "handleSIGTERM": true, "slowMo": 0.0, "timeout": 30000.0, "tracesDir": "C:\\Users\\simra\\Desktop\\BrowserLibrary_RF\\log\\browser\\traces\\d3512fe4-af30-464e-8423-032d92babf95"}</msg>
<msg timestamp="20230724 14:53:06.698" level="INFO">Successfully created browser with options: {"browser":"chromium","headless":false,"args":["--start-maximized"],"devtools":false,"handleSIGHUP":true,"handleSIGINT":true,"handleSIGTERM":true,"slowMo":0,"timeout":30000,"tracesDir":"C:\\Users\\simra\\Desktop\\BrowserLibrary_RF\\log\\browser\\traces\\d3512fe4-af30-464e-8423-032d92babf95"}</msg>
<status status="PASS" starttime="20230724 14:53:05.822" endtime="20230724 14:53:06.698"/>
</kw>
<kw name="New Context" library="Browser">
<arg>viewport=${None}</arg>
<tag>BrowserControl</tag>
<tag>Setter</tag>
<doc>Create a new BrowserContext with specified options.</doc>
<msg timestamp="20230724 14:53:06.698" level="INFO">{
  "acceptDownloads": true,
  "bypassCSP": false,
  "forcedColors": "none",
  "hideRfBrowser": "",
  "ignoreHTTPSErrors": false,
  "javaScriptEnabled": true,
  "offline": false,
  "reducedMotion": "no-preference",
  "viewport": null
}</msg>
<msg timestamp="20230724 14:53:06.713" level="INFO">Successfully created context. </msg>
<msg timestamp="20230724 14:53:06.713" level="INFO">{'acceptDownloads': True, 'bypassCSP': False, 'forcedColors': 'none', 'hideRfBrowser': '', 'ignoreHTTPSErrors': False, 'javaScriptEnabled': True, 'offline': False, 'reducedMotion': 'no-preference', 'viewport': None}</msg>
<status status="PASS" starttime="20230724 14:53:06.698" endtime="20230724 14:53:06.713"/>
</kw>
<status status="PASS" starttime="20230724 14:53:05.822" endtime="20230724 14:53:06.713"/>
</kw>
<kw name="New Page" library="Browser">
<arg>${url}</arg>
<tag>BrowserControl</tag>
<tag>Setter</tag>
<doc>Open a new Page.</doc>
<msg timestamp="20230724 14:53:09.260" level="INFO">Successfully initialized new page object and opened url: https://the-internet.herokuapp.com/login</msg>
<status status="PASS" starttime="20230724 14:53:06.713" endtime="20230724 14:53:09.261"/>
</kw>
<kw name="Type Text" library="Browser">
<arg>id=username</arg>
<arg>tomsmith</arg>
<tag>PageContent</tag>
<tag>Setter</tag>
<doc>Types the given ``txt`` into the text field found by ``selector``.</doc>
<msg timestamp="20230724 14:53:09.263" level="INFO">Types the text 'tomsmith' in the given field.</msg>
<status status="PASS" starttime="20230724 14:53:09.261" endtime="20230724 14:53:09.348"/>
</kw>
<kw name="Type Text" library="Browser">
<arg>id=password</arg>
<arg>${password}</arg>
<tag>PageContent</tag>
<tag>Setter</tag>
<doc>Types the given ``txt`` into the text field found by ``selector``.</doc>
<msg timestamp="20230724 14:53:09.348" level="INFO">Types the text 'SuperSecretPassword!' in the given field.</msg>
<status status="PASS" starttime="20230724 14:53:09.348" endtime="20230724 14:53:09.449"/>
</kw>
<kw name="Click" library="Browser">
<arg>xpath=//*[@id="login"]/button</arg>
<tag>PageContent</tag>
<tag>Setter</tag>
<doc>Simulates mouse click on the element found by ``selector``.</doc>
<status status="PASS" starttime="20230724 14:53:09.449" endtime="20230724 14:53:09.952"/>
</kw>
<kw name="Pause Execution" library="Dialogs">
<doc>Pauses execution until user clicks ``Ok`` button.</doc>
<status status="PASS" starttime="20230724 14:53:09.953" endtime="20230724 14:53:12.060"/>
</kw>
<kw name="Get Url" library="Browser">
<var>${current url}</var>
<tag>Assertion</tag>
<tag>Getter</tag>
<tag>PageContent</tag>
<doc>Returns the current URL.</doc>
<msg timestamp="20230724 14:53:12.066" level="INFO">${current url} = https://the-internet.herokuapp.com/secure</msg>
<status status="PASS" starttime="20230724 14:53:12.061" endtime="20230724 14:53:12.066"/>
</kw>
<kw name="Should Be Equal" library="BuiltIn">
<arg>${current url}</arg>
<arg>${expected url}</arg>
<doc>Fails if the given objects are unequal.</doc>
<status status="PASS" starttime="20230724 14:53:12.066" endtime="20230724 14:53:12.066"/>
</kw>
<kw name="New Page" library="Browser">
<arg>https://robotframework-browser.org/</arg>
<tag>BrowserControl</tag>
<tag>Setter</tag>
<doc>Open a new Page.</doc>
<msg timestamp="20230724 14:53:13.708" level="INFO">Successfully initialized new page object and opened url: https://robotframework-browser.org/</msg>
<status status="PASS" starttime="20230724 14:53:12.066" endtime="20230724 14:53:13.708"/>
</kw>
<kw name="Get Title" library="Browser">
<var>${title}</var>
<tag>Assertion</tag>
<tag>Getter</tag>
<tag>PageContent</tag>
<doc>Returns the title of the current page.</doc>
<msg timestamp="20230724 14:53:13.719" level="INFO">Title: 'Browser Library'</msg>
<msg timestamp="20230724 14:53:13.721" level="INFO">${title} = Browser Library</msg>
<status status="PASS" starttime="20230724 14:53:13.709" endtime="20230724 14:53:13.721"/>
</kw>
<kw name="Should Be Equal" library="BuiltIn">
<arg>${title}</arg>
<arg>${expected title}</arg>
<doc>Fails if the given objects are unequal.</doc>
<status status="PASS" starttime="20230724 14:53:13.721" endtime="20230724 14:53:13.721"/>
</kw>
<status status="PASS" starttime="20230724 14:53:05.822" endtime="20230724 14:53:13.721"/>
</test>
<status status="PASS" starttime="20230724 14:53:03.646" endtime="20230724 14:53:13.819"/>
</suite>
<statistics>
<total>
<stat pass="1" fail="0" skip="0">All Tests</stat>
</total>
<tag>
</tag>
<suite>
<stat pass="1" fail="0" skip="0" id="s1" name="TestBrowser">TestBrowser</stat>
</suite>
</statistics>
<errors>
</errors>
</robot>
