<?xml version="1.0" encoding="UTF-8"?>
<robot generator="Robot 7.1 (Python 3.11.0 on win32)" generated="2024-10-06T14:44:26.617281" rpa="false" schemaversion="5">
<suite id="s1" name="StringLibTests" source="C:\Users\simra\Desktop\BrowserLibrary_RF\StringLibTest\StringLibTests.robot">
<test id="s1-t1" name="Test6" line="40">
<kw name="Remove String" owner="String">
<msg time="2024-10-06T14:44:26.656959" level="INFO">${str} = qa</msg>
<var>${str}</var>
<arg>seniorqa</arg>
<arg>senior</arg>
<doc>Removes all ``removables`` from the given ``string``.</doc>
<status status="PASS" start="2024-10-06T14:44:26.655685" elapsed="0.003282"/>
</kw>
<kw name="Log To Console" owner="BuiltIn">
<arg>${str}</arg>
<doc>Logs the given message to the console.</doc>
<status status="PASS" start="2024-10-06T14:44:26.658967" elapsed="0.000000"/>
</kw>
<kw name="Replace String" owner="String">
<msg time="2024-10-06T14:44:26.659966" level="INFO">${str} = Hola, seniorqa</msg>
<var>${str}</var>
<arg>Hello, seniorqa</arg>
<arg>Hello</arg>
<arg>Hola</arg>
<doc>Replaces ``search_for`` in the given ``string`` with ``replace_with``.</doc>
<status status="PASS" start="2024-10-06T14:44:26.659966" elapsed="0.000000"/>
</kw>
<kw name="Log To Console" owner="BuiltIn">
<arg>${str}</arg>
<doc>Logs the given message to the console.</doc>
<status status="PASS" start="2024-10-06T14:44:26.659966" elapsed="0.000999"/>
</kw>
<kw name="Split String" owner="String">
<msg time="2024-10-06T14:44:26.660965" level="INFO">@{words} = [ This | is | the | first | line. ]</msg>
<var>@{words}</var>
<arg>This is the first line.</arg>
<doc>Splits the ``string`` using ``separator`` as a delimiter string.</doc>
<status status="PASS" start="2024-10-06T14:44:26.660965" elapsed="0.000000"/>
</kw>
<kw name="Log To Console" owner="BuiltIn">
<arg>${words}</arg>
<doc>Logs the given message to the console.</doc>
<status status="PASS" start="2024-10-06T14:44:26.660965" elapsed="0.001000"/>
</kw>
<kw name="Split String To Characters" owner="String">
<msg time="2024-10-06T14:44:26.662471" level="INFO">@{characters} = [ h | e | l | l | o ]</msg>
<var>@{characters}</var>
<arg>hello</arg>
<doc>Splits the given ``string`` to characters.</doc>
<status status="PASS" start="2024-10-06T14:44:26.661965" elapsed="0.000506"/>
</kw>
<kw name="Log To Console" owner="BuiltIn">
<arg>${characters}</arg>
<doc>Logs the given message to the console.</doc>
<status status="PASS" start="2024-10-06T14:44:26.662471" elapsed="0.001009"/>
</kw>
<kw name="Strip String" owner="String">
<msg time="2024-10-06T14:44:26.664486" level="INFO">${stripped} = Hello World</msg>
<var>${stripped}</var>
<arg>${SPACE}Hello${SPACE}World${SPACE}</arg>
<doc>Remove leading and/or trailing whitespaces from the given string.</doc>
<status status="PASS" start="2024-10-06T14:44:26.663480" elapsed="0.001006"/>
</kw>
<kw name="Log To Console" owner="BuiltIn">
<arg>${stripped}</arg>
<doc>Logs the given message to the console.</doc>
<status status="PASS" start="2024-10-06T14:44:26.664486" elapsed="0.000000"/>
</kw>
<status status="PASS" start="2024-10-06T14:44:26.654677" elapsed="0.009809"/>
</test>
<status status="PASS" start="2024-10-06T14:44:26.620128" elapsed="0.045362"/>
</suite>
<statistics>
<total>
<stat pass="1" fail="0" skip="0">All Tests</stat>
</total>
<tag>
</tag>
<suite>
<stat pass="1" fail="0" skip="0" id="s1" name="StringLibTests">StringLibTests</stat>
</suite>
</statistics>
<errors>
</errors>
</robot>
