<?xml version="1.0" encoding="UTF-8"?>
<robot generator="Robot 6.1 (Python 3.11.0 on win32)" generated="20230806 13:55:35.678" rpa="false" schemaversion="4">
<suite id="s1" name="HightlightTest" source="C:\Users\simra\Desktop\BrowserLibrary_RF\BrowserTest\HightlightTest.robot">
<test id="s1-t1" name="HightLightTest1" line="7">
<kw name="Open Browser to Alert Page" library="Resource" type="SETUP">
<kw name="Open Maximized Browser" library="Resource">
<arg>Chromium</arg>
<kw name="New Browser" library="Browser">
<arg>browser=${browser}</arg>
<arg>headless=false</arg>
<arg>args=["--start-maximized"]</arg>
<tag>BrowserControl</tag>
<tag>Setter</tag>
<doc>Create a new playwright Browser with specified options.</doc>
<msg timestamp="20230806 13:55:38.752" level="INFO">{"browser": "chromium", "headless": false, "args": ["--start-maximized"], "devtools": false, "handleSIGHUP": true, "handleSIGINT": true, "handleSIGTERM": true, "slowMo": 0.0, "timeout": 30000.0, "tracesDir": "C:\\Users\\simra\\Desktop\\BrowserLibrary_RF\\log\\browser\\traces\\f519665f-44f8-4088-b11c-7cd27ae31ba8"}</msg>
<msg timestamp="20230806 13:55:39.972" level="INFO">Successfully created browser with options: {"browser":"chromium","headless":false,"args":["--start-maximized"],"devtools":false,"handleSIGHUP":true,"handleSIGINT":true,"handleSIGTERM":true,"slowMo":0,"timeout":30000,"tracesDir":"C:\\Users\\simra\\Desktop\\BrowserLibrary_RF\\log\\browser\\traces\\f519665f-44f8-4088-b11c-7cd27ae31ba8"}</msg>
<status status="PASS" starttime="20230806 13:55:38.752" endtime="20230806 13:55:39.973"/>
</kw>
<kw name="New Context" library="Browser">
<arg>viewport=${None}</arg>
<tag>BrowserControl</tag>
<tag>Setter</tag>
<doc>Create a new BrowserContext with specified options.</doc>
<msg timestamp="20230806 13:55:39.977" level="INFO">{
  "acceptDownloads": true,
  "bypassCSP": false,
  "forcedColors": "none",
  "hideRfBrowser": "",
  "ignoreHTTPSErrors": false,
  "javaScriptEnabled": true,
  "offline": false,
  "reducedMotion": "no-preference",
  "viewport": null
}</msg>
<msg timestamp="20230806 13:55:40.014" level="INFO">Successfully created context. </msg>
<msg timestamp="20230806 13:55:40.015" level="INFO">{'acceptDownloads': True, 'bypassCSP': False, 'forcedColors': 'none', 'hideRfBrowser': '', 'ignoreHTTPSErrors': False, 'javaScriptEnabled': True, 'offline': False, 'reducedMotion': 'no-preference', 'viewport': None}</msg>
<status status="PASS" starttime="20230806 13:55:39.975" endtime="20230806 13:55:40.026"/>
</kw>
<status status="PASS" starttime="20230806 13:55:38.752" endtime="20230806 13:55:40.026"/>
</kw>
<kw name="Go to Site" library="Resource">
<arg>https://demoqa.com/alerts</arg>
<kw name="New Page" library="Browser">
<arg>${url}</arg>
<tag>BrowserControl</tag>
<tag>Setter</tag>
<doc>Open a new Page.</doc>
<msg timestamp="20230806 13:55:43.079" level="INFO">Successfully initialized new page object and opened url: https://demoqa.com/alerts</msg>
<status status="PASS" starttime="20230806 13:55:40.028" endtime="20230806 13:55:43.080"/>
</kw>
<status status="PASS" starttime="20230806 13:55:40.027" endtime="20230806 13:55:43.080"/>
</kw>
<status status="PASS" starttime="20230806 13:55:38.751" endtime="20230806 13:55:43.080"/>
</kw>
<kw name="Wait Sleep" library="Resource">
<kw name="Sleep" library="BuiltIn">
<arg>4</arg>
<doc>Pauses the test executed for the given time.</doc>
<msg timestamp="20230806 13:55:47.084" level="INFO">Slept 4 seconds</msg>
<status status="PASS" starttime="20230806 13:55:43.081" endtime="20230806 13:55:47.084"/>
</kw>
<status status="PASS" starttime="20230806 13:55:43.081" endtime="20230806 13:55:47.085"/>
</kw>
<kw name="Highlight Elements" library="Browser">
<arg>id=alertButton</arg>
<arg>duration=2000ms</arg>
<arg>width=5px</arg>
<arg>style=solid</arg>
<arg>color=\#FF0000</arg>
<tag>PageContent</tag>
<tag>Setter</tag>
<doc>Adds a highlight to elements matched by the ``selector``. Provides a style adjustment.</doc>
<msg timestamp="20230806 13:55:47.159" level="INFO">Highlighted 1 elements for 2000.</msg>
<status status="PASS" starttime="20230806 13:55:47.085" endtime="20230806 13:55:47.160"/>
</kw>
<kw name="Wait Sleep" library="Resource">
<kw name="Sleep" library="BuiltIn">
<arg>4</arg>
<doc>Pauses the test executed for the given time.</doc>
<msg timestamp="20230806 13:55:51.163" level="INFO">Slept 4 seconds</msg>
<status status="PASS" starttime="20230806 13:55:47.162" endtime="20230806 13:55:51.165"/>
</kw>
<status status="PASS" starttime="20230806 13:55:47.160" endtime="20230806 13:55:51.165"/>
</kw>
<status status="PASS" starttime="20230806 13:55:38.746" endtime="20230806 13:55:51.166"/>
</test>
<status status="PASS" starttime="20230806 13:55:35.681" endtime="20230806 13:55:51.367"/>
</suite>
<statistics>
<total>
<stat pass="1" fail="0" skip="0">All Tests</stat>
</total>
<tag>
</tag>
<suite>
<stat pass="1" fail="0" skip="0" id="s1" name="HightlightTest">HightlightTest</stat>
</suite>
</statistics>
<errors>
</errors>
</robot>
