<?xml version="1.0" encoding="UTF-8"?>
<robot generator="Robot 6.1 (Python 3.11.0 on win32)" generated="20240404 15:23:40.616" rpa="false" schemaversion="4">
<suite id="s1" name="TestTemplate2" source="C:\Users\simra\Desktop\BrowserLibrary_RF\BrowserTest\TestTemplate2.robot">
<test id="s1-t1" name="Simple Addition" line="4">
<kw name="Addition Test">
<arg>2</arg>
<arg>3</arg>
<arg>5</arg>
<kw name="Evaluate" library="BuiltIn">
<var>${result}</var>
<arg>${a} + ${b}</arg>
<doc>Evaluates the given expression in Python and returns the result.</doc>
<msg timestamp="20240404 15:23:40.665" level="INFO">${result} = 5</msg>
<status status="PASS" starttime="20240404 15:23:40.663" endtime="20240404 15:23:40.671"/>
</kw>
<kw name="Should Be Equal As Numbers" library="BuiltIn">
<arg>${result}</arg>
<arg>${expected}</arg>
<doc>Fails if objects are unequal after converting them to real numbers.</doc>
<msg timestamp="20240404 15:23:40.673" level="INFO">Argument types are:
&lt;class 'int'&gt;
&lt;class 'str'&gt;</msg>
<status status="PASS" starttime="20240404 15:23:40.671" endtime="20240404 15:23:40.673"/>
</kw>
<status status="PASS" starttime="20240404 15:23:40.662" endtime="20240404 15:23:40.673"/>
</kw>
<status status="PASS" starttime="20240404 15:23:40.659" endtime="20240404 15:23:40.673"/>
</test>
<test id="s1-t2" name="Subtraction" line="8">
<kw name="Subtraction Test">
<arg>7</arg>
<arg>4</arg>
<arg>3</arg>
<kw name="Evaluate" library="BuiltIn">
<var>${result}</var>
<arg>${a} - ${b}</arg>
<doc>Evaluates the given expression in Python and returns the result.</doc>
<msg timestamp="20240404 15:23:40.681" level="INFO">${result} = 3</msg>
<status status="PASS" starttime="20240404 15:23:40.680" endtime="20240404 15:23:40.681"/>
</kw>
<kw name="Should Be Equal As Numbers" library="BuiltIn">
<arg>${result}</arg>
<arg>${expected}</arg>
<doc>Fails if objects are unequal after converting them to real numbers.</doc>
<msg timestamp="20240404 15:23:40.682" level="INFO">Argument types are:
&lt;class 'int'&gt;
&lt;class 'str'&gt;</msg>
<status status="PASS" starttime="20240404 15:23:40.681" endtime="20240404 15:23:40.685"/>
</kw>
<status status="PASS" starttime="20240404 15:23:40.677" endtime="20240404 15:23:40.685"/>
</kw>
<status status="PASS" starttime="20240404 15:23:40.675" endtime="20240404 15:23:40.686"/>
</test>
<status status="PASS" starttime="20240404 15:23:40.624" endtime="20240404 15:23:40.686"/>
</suite>
<statistics>
<total>
<stat pass="2" fail="0" skip="0">All Tests</stat>
</total>
<tag>
</tag>
<suite>
<stat pass="2" fail="0" skip="0" id="s1" name="TestTemplate2">TestTemplate2</stat>
</suite>
</statistics>
<errors>
</errors>
</robot>
