<?xml version="1.0" encoding="UTF-8"?>
<robot generator="Robot 6.1 (Python 3.11.0 on win32)" generated="20230819 13:53:26.935" rpa="false" schemaversion="4">
<suite id="s1" name="Hover" source="C:\Users\simra\Desktop\BrowserLibrary_RF\BrowserTest\Hover.robot">
<test id="s1-t1" name="HoverTest" line="7">
<kw name="Open Browser to Demo Page" library="Resource" type="SETUP">
<kw name="Open Maximized Browser" library="Resource">
<arg>Chromium</arg>
<kw name="New Browser" library="Browser">
<arg>browser=${browser}</arg>
<arg>headless=false</arg>
<arg>args=["--start-maximized"]</arg>
<tag>BrowserControl</tag>
<tag>Setter</tag>
<doc>Create a new playwright Browser with specified options.</doc>
<msg timestamp="20230819 13:53:30.865" level="INFO">{"browser": "chromium", "headless": false, "args": ["--start-maximized"], "devtools": false, "handleSIGHUP": true, "handleSIGINT": true, "handleSIGTERM": true, "slowMo": 0.0, "timeout": 30000.0, "tracesDir": "C:\\Users\\simra\\Desktop\\BrowserLibrary_RF\\log\\browser\\traces\\c193f3c3-8704-459d-acb2-a3f03b038a9e"}</msg>
<msg timestamp="20230819 13:53:32.281" level="INFO">Successfully created browser with options: {"browser":"chromium","headless":false,"args":["--start-maximized"],"devtools":false,"handleSIGHUP":true,"handleSIGINT":true,"handleSIGTERM":true,"slowMo":0,"timeout":30000,"tracesDir":"C:\\Users\\simra\\Desktop\\BrowserLibrary_RF\\log\\browser\\traces\\c193f3c3-8704-459d-acb2-a3f03b038a9e"}</msg>
<status status="PASS" starttime="20230819 13:53:30.861" endtime="20230819 13:53:32.284"/>
</kw>
<kw name="New Context" library="Browser">
<arg>viewport=${None}</arg>
<tag>BrowserControl</tag>
<tag>Setter</tag>
<doc>Create a new BrowserContext with specified options.</doc>
<msg timestamp="20230819 13:53:32.287" level="INFO">{
  "acceptDownloads": true,
  "bypassCSP": false,
  "forcedColors": "none",
  "hideRfBrowser": "",
  "ignoreHTTPSErrors": false,
  "javaScriptEnabled": true,
  "offline": false,
  "reducedMotion": "no-preference",
  "viewport": null
}</msg>
<msg timestamp="20230819 13:53:32.402" level="INFO">Successfully created context. </msg>
<msg timestamp="20230819 13:53:32.402" level="INFO">{'acceptDownloads': True, 'bypassCSP': False, 'forcedColors': 'none', 'hideRfBrowser': '', 'ignoreHTTPSErrors': False, 'javaScriptEnabled': True, 'offline': False, 'reducedMotion': 'no-preference', 'viewport': None}</msg>
<status status="PASS" starttime="20230819 13:53:32.285" endtime="20230819 13:53:32.402"/>
</kw>
<status status="PASS" starttime="20230819 13:53:30.861" endtime="20230819 13:53:32.402"/>
</kw>
<kw name="Go to Site" library="Resource">
<arg>https://demo.nopcommerce.com/</arg>
<kw name="New Page" library="Browser">
<arg>${url}</arg>
<tag>BrowserControl</tag>
<tag>Setter</tag>
<doc>Open a new Page.</doc>
<msg timestamp="20230819 13:53:34.803" level="INFO">Successfully initialized new page object and opened url: https://demo.nopcommerce.com/</msg>
<status status="PASS" starttime="20230819 13:53:32.403" endtime="20230819 13:53:34.803"/>
</kw>
<status status="PASS" starttime="20230819 13:53:32.403" endtime="20230819 13:53:34.804"/>
</kw>
<kw name="Wait Sleep" library="Resource">
<kw name="Sleep" library="BuiltIn">
<arg>2</arg>
<doc>Pauses the test executed for the given time.</doc>
<msg timestamp="20230819 13:53:36.804" level="INFO">Slept 2 seconds</msg>
<status status="PASS" starttime="20230819 13:53:34.804" endtime="20230819 13:53:36.804"/>
</kw>
<status status="PASS" starttime="20230819 13:53:34.804" endtime="20230819 13:53:36.805"/>
</kw>
<status status="PASS" starttime="20230819 13:53:30.860" endtime="20230819 13:53:36.806"/>
</kw>
<kw name="Wait Sleep" library="Resource">
<kw name="Sleep" library="BuiltIn">
<arg>2</arg>
<doc>Pauses the test executed for the given time.</doc>
<msg timestamp="20230819 13:53:38.813" level="INFO">Slept 2 seconds</msg>
<status status="PASS" starttime="20230819 13:53:36.808" endtime="20230819 13:53:38.816"/>
</kw>
<status status="PASS" starttime="20230819 13:53:36.807" endtime="20230819 13:53:38.817"/>
</kw>
<kw name="Hover" library="Browser">
<arg>//div[6]/div[2]/ul[1]/li[1]/a</arg>
<tag>PageContent</tag>
<tag>Setter</tag>
<doc>Moves the virtual mouse and scrolls to the element found by ``selector``.</doc>
<status status="PASS" starttime="20230819 13:53:38.818" endtime="20230819 13:53:39.074"/>
</kw>
<kw name="Wait Sleep" library="Resource">
<kw name="Sleep" library="BuiltIn">
<arg>2</arg>
<doc>Pauses the test executed for the given time.</doc>
<msg timestamp="20230819 13:53:41.080" level="INFO">Slept 2 seconds</msg>
<status status="PASS" starttime="20230819 13:53:39.078" endtime="20230819 13:53:41.082"/>
</kw>
<status status="PASS" starttime="20230819 13:53:39.075" endtime="20230819 13:53:41.083"/>
</kw>
<kw name="Hover" library="Browser">
<arg>//div[6]/div[2]/ul[1]/li[5]/a</arg>
<tag>PageContent</tag>
<tag>Setter</tag>
<doc>Moves the virtual mouse and scrolls to the element found by ``selector``.</doc>
<status status="PASS" starttime="20230819 13:53:41.085" endtime="20230819 13:53:41.186"/>
</kw>
<kw name="Wait Sleep" library="Resource">
<kw name="Sleep" library="BuiltIn">
<arg>2</arg>
<doc>Pauses the test executed for the given time.</doc>
<msg timestamp="20230819 13:53:43.189" level="INFO">Slept 2 seconds</msg>
<status status="PASS" starttime="20230819 13:53:41.188" endtime="20230819 13:53:43.192"/>
</kw>
<status status="PASS" starttime="20230819 13:53:41.187" endtime="20230819 13:53:43.192"/>
</kw>
<status status="PASS" starttime="20230819 13:53:30.848" endtime="20230819 13:53:43.193"/>
</test>
<status status="PASS" starttime="20230819 13:53:26.940" endtime="20230819 13:53:43.395"/>
</suite>
<statistics>
<total>
<stat pass="1" fail="0" skip="0">All Tests</stat>
</total>
<tag>
</tag>
<suite>
<stat pass="1" fail="0" skip="0" id="s1" name="Hover">Hover</stat>
</suite>
</statistics>
<errors>
</errors>
</robot>
