<?xml version="1.0" encoding="UTF-8"?>
<robot generator="Robot 6.1 (Python 3.11.0 on win32)" generated="20240620 22:09:33.089" rpa="false" schemaversion="4">
<suite id="s1" name="Assertions" source="C:\Users\simra\Desktop\BrowserLibrary_RF\BrowserTest\Assertions.robot">
<test id="s1-t1" name="AssertionTest" line="11">
<kw name="Open Browser to Register Page" library="Resource" type="SETUP">
<kw name="Open Maximized Browser" library="Resource">
<arg>Chromium</arg>
<kw name="New Browser" library="Browser">
<arg>browser=${browser}</arg>
<arg>headless=false</arg>
<arg>args=["--start-maximized"]</arg>
<tag>BrowserControl</tag>
<tag>Setter</tag>
<doc>Create a new playwright Browser with specified options.</doc>
<msg timestamp="20240620 22:09:34.436" level="INFO">{"browser": "chromium", "headless": false, "args": ["--start-maximized"], "devtools": false, "handleSIGHUP": true, "handleSIGINT": true, "handleSIGTERM": true, "slowMo": 0.0, "timeout": 30000.0, "tracesDir": "C:\\Users\\simra\\Desktop\\BrowserLibrary_RF\\log\\browser\\traces\\8d09665f-5899-417d-958c-eb92ab9849a8"}</msg>
<msg timestamp="20240620 22:09:35.216" level="INFO">Successfully created browser with options: {"browser":"chromium","headless":false,"args":["--start-maximized"],"devtools":false,"handleSIGHUP":true,"handleSIGINT":true,"handleSIGTERM":true,"slowMo":0,"timeout":30000,"tracesDir":"C:\\Users\\simra\\Desktop\\BrowserLibrary_RF\\log\\browser\\traces\\8d09665f-5899-417d-958c-eb92ab9849a8"}</msg>
<status status="PASS" starttime="20240620 22:09:34.436" endtime="20240620 22:09:35.216"/>
</kw>
<kw name="New Context" library="Browser">
<arg>viewport=${None}</arg>
<tag>BrowserControl</tag>
<tag>Setter</tag>
<doc>Create a new BrowserContext with specified options.</doc>
<msg timestamp="20240620 22:09:35.216" level="INFO">{
  "acceptDownloads": true,
  "bypassCSP": false,
  "forcedColors": "none",
  "hideRfBrowser": "",
  "ignoreHTTPSErrors": false,
  "javaScriptEnabled": true,
  "offline": false,
  "reducedMotion": "no-preference",
  "viewport": null
}</msg>
<msg timestamp="20240620 22:09:35.232" level="INFO">Successfully created context. </msg>
<msg timestamp="20240620 22:09:35.232" level="INFO">{'acceptDownloads': True, 'bypassCSP': False, 'forcedColors': 'none', 'hideRfBrowser': '', 'ignoreHTTPSErrors': False, 'javaScriptEnabled': True, 'offline': False, 'reducedMotion': 'no-preference', 'viewport': None}</msg>
<status status="PASS" starttime="20240620 22:09:35.216" endtime="20240620 22:09:35.232"/>
</kw>
<status status="PASS" starttime="20240620 22:09:34.436" endtime="20240620 22:09:35.232"/>
</kw>
<kw name="Go to Site" library="Resource">
<arg>https://demo.nopcommerce.com/register</arg>
<kw name="New Page" library="Browser">
<arg>${url}</arg>
<tag>BrowserControl</tag>
<tag>Setter</tag>
<doc>Open a new Page.</doc>
<msg timestamp="20240620 22:09:36.600" level="INFO">Successfully initialized new page object and opened url: https://demo.nopcommerce.com/register</msg>
<status status="PASS" starttime="20240620 22:09:35.232" endtime="20240620 22:09:36.600"/>
</kw>
<status status="PASS" starttime="20240620 22:09:35.232" endtime="20240620 22:09:36.600"/>
</kw>
<kw name="Wait Sleep" library="Resource">
<kw name="Sleep" library="BuiltIn">
<arg>2</arg>
<doc>Pauses the test executed for the given time.</doc>
<msg timestamp="20240620 22:09:38.601" level="INFO">Slept 2 seconds</msg>
<status status="PASS" starttime="20240620 22:09:36.600" endtime="20240620 22:09:38.601"/>
</kw>
<status status="PASS" starttime="20240620 22:09:36.600" endtime="20240620 22:09:38.601"/>
</kw>
<status status="PASS" starttime="20240620 22:09:34.436" endtime="20240620 22:09:38.601"/>
</kw>
<kw name="Get Text" library="Browser">
<var>${actual_text}</var>
<arg>//div[@class='page-title']/h1</arg>
<arg>==</arg>
<arg>${expected_text}</arg>
<tag>Assertion</tag>
<tag>Getter</tag>
<tag>PageContent</tag>
<doc>Returns text attribute of the element found by ``selector``.</doc>
<msg timestamp="20240620 22:09:38.656" level="INFO">Text: 'Register'</msg>
<msg timestamp="20240620 22:09:38.656" level="INFO">${actual_text} = Register</msg>
<status status="PASS" starttime="20240620 22:09:38.601" endtime="20240620 22:09:38.656"/>
</kw>
<kw name="Get Title" library="Browser">
<var>${actual_title}</var>
<arg>==</arg>
<arg>${expected_title}</arg>
<tag>Assertion</tag>
<tag>Getter</tag>
<tag>PageContent</tag>
<doc>Returns the title of the current page.</doc>
<msg timestamp="20240620 22:09:38.671" level="INFO">Title: 'nopCommerce demo store. Register'</msg>
<msg timestamp="20240620 22:09:38.671" level="INFO">${actual_title} = nopCommerce demo store. Register</msg>
<status status="PASS" starttime="20240620 22:09:38.656" endtime="20240620 22:09:38.671"/>
</kw>
<kw name="Get Url" library="Browser">
<var>${actual_url}</var>
<arg>==</arg>
<arg>${expected_url}</arg>
<tag>Assertion</tag>
<tag>Getter</tag>
<tag>PageContent</tag>
<doc>Returns the current URL.</doc>
<msg timestamp="20240620 22:09:38.674" level="INFO">${actual_url} = https://demo.nopcommerce.com/register</msg>
<status status="PASS" starttime="20240620 22:09:38.671" endtime="20240620 22:09:38.674"/>
</kw>
<kw name="Get Element Count" library="Browser">
<var>${actual_element_count}</var>
<arg>//a</arg>
<arg>&gt;</arg>
<arg>60</arg>
<tag>Assertion</tag>
<tag>Getter</tag>
<tag>PageContent</tag>
<doc>Returns the count of elements found with ``selector``.</doc>
<msg timestamp="20240620 22:09:38.683" level="INFO">${actual_element_count} = 61</msg>
<status status="PASS" starttime="20240620 22:09:38.674" endtime="20240620 22:09:38.683"/>
</kw>
<kw name="Log" library="BuiltIn">
<arg>${actual_element_count}</arg>
<doc>Logs the given message with the given level.</doc>
<msg timestamp="20240620 22:09:38.683" level="INFO">61</msg>
<status status="PASS" starttime="20240620 22:09:38.683" endtime="20240620 22:09:38.683"/>
</kw>
<kw name="Scroll To Element" library="Browser">
<arg>//input[@id='Newsletter']</arg>
<tag>PageContent</tag>
<tag>Setter</tag>
<doc>This method waits for actionability checks, then tries to scroll element into view,
unless it is completely visible.</doc>
<status status="PASS" starttime="20240620 22:09:38.683" endtime="20240620 22:09:38.705"/>
</kw>
<kw name="Get Element States" library="Browser">
<arg>//input[@id='Newsletter']</arg>
<arg>contains</arg>
<arg>checked</arg>
<arg>visible</arg>
<arg>enabled</arg>
<arg>editable</arg>
<tag>Assertion</tag>
<tag>Getter</tag>
<tag>PageContent</tag>
<doc>Get the active states from the element found by ``selector``.</doc>
<msg timestamp="20240620 22:09:38.740" level="INFO">States are: ['attached', 'visible', 'enabled', 'editable', 'defocused', 'checked']</msg>
<status status="PASS" starttime="20240620 22:09:38.712" endtime="20240620 22:09:38.740"/>
</kw>
<kw name="Get Checkbox State" library="Browser">
<arg>//input[@id='Newsletter']</arg>
<arg>==</arg>
<arg>checked</arg>
<tag>Assertion</tag>
<tag>Getter</tag>
<tag>PageContent</tag>
<doc>Returns the state of the checkbox found by ``selector``.</doc>
<msg timestamp="20240620 22:09:38.744" level="INFO">Retrieved dom property for element //input[@id='Newsletter'] containing true</msg>
<msg timestamp="20240620 22:09:38.744" level="INFO">Checkbox is checked</msg>
<status status="PASS" starttime="20240620 22:09:38.740" endtime="20240620 22:09:38.744"/>
</kw>
<status status="PASS" starttime="20240620 22:09:34.420" endtime="20240620 22:09:38.744"/>
</test>
<status status="PASS" starttime="20240620 22:09:33.091" endtime="20240620 22:09:38.854"/>
</suite>
<statistics>
<total>
<stat pass="1" fail="0" skip="0">All Tests</stat>
</total>
<tag>
</tag>
<suite>
<stat pass="1" fail="0" skip="0" id="s1" name="Assertions">Assertions</stat>
</suite>
</statistics>
<errors>
</errors>
</robot>
