<?xml version="1.0" encoding="UTF-8"?>
<robot generator="Robot 6.1 (Python 3.11.0 on win32)" generated="20230816 19:06:40.177" rpa="false" schemaversion="4">
<suite id="s1" name="GetTest" source="C:\Users\simra\Desktop\BrowserLibrary_RF\BrowserTest\GetTest.robot">
<test id="s1-t1" name="GetTextTest" line="22">
<kw name="Open Browser to Frame Page" library="Resource" type="SETUP">
<kw name="Open Maximized Browser" library="Resource">
<arg>Chromium</arg>
<kw name="New Browser" library="Browser">
<arg>browser=${browser}</arg>
<arg>headless=false</arg>
<arg>args=["--start-maximized"]</arg>
<tag>BrowserControl</tag>
<tag>Setter</tag>
<doc>Create a new playwright Browser with specified options.</doc>
<msg timestamp="20230816 19:06:43.660" level="INFO">{"browser": "chromium", "headless": false, "args": ["--start-maximized"], "devtools": false, "handleSIGHUP": true, "handleSIGINT": true, "handleSIGTERM": true, "slowMo": 0.0, "timeout": 30000.0, "tracesDir": "C:\\Users\\simra\\Desktop\\BrowserLibrary_RF\\log\\browser\\traces\\9606395a-b06f-4c2a-8b70-41b837c2d244"}</msg>
<msg timestamp="20230816 19:06:44.819" level="INFO">Successfully created browser with options: {"browser":"chromium","headless":false,"args":["--start-maximized"],"devtools":false,"handleSIGHUP":true,"handleSIGINT":true,"handleSIGTERM":true,"slowMo":0,"timeout":30000,"tracesDir":"C:\\Users\\simra\\Desktop\\BrowserLibrary_RF\\log\\browser\\traces\\9606395a-b06f-4c2a-8b70-41b837c2d244"}</msg>
<status status="PASS" starttime="20230816 19:06:43.659" endtime="20230816 19:06:44.821"/>
</kw>
<kw name="New Context" library="Browser">
<arg>viewport=${None}</arg>
<tag>BrowserControl</tag>
<tag>Setter</tag>
<doc>Create a new BrowserContext with specified options.</doc>
<msg timestamp="20230816 19:06:44.823" level="INFO">{
  "acceptDownloads": true,
  "bypassCSP": false,
  "forcedColors": "none",
  "hideRfBrowser": "",
  "ignoreHTTPSErrors": false,
  "javaScriptEnabled": true,
  "offline": false,
  "reducedMotion": "no-preference",
  "viewport": null
}</msg>
<msg timestamp="20230816 19:06:44.856" level="INFO">Successfully created context. </msg>
<msg timestamp="20230816 19:06:44.857" level="INFO">{'acceptDownloads': True, 'bypassCSP': False, 'forcedColors': 'none', 'hideRfBrowser': '', 'ignoreHTTPSErrors': False, 'javaScriptEnabled': True, 'offline': False, 'reducedMotion': 'no-preference', 'viewport': None}</msg>
<status status="PASS" starttime="20230816 19:06:44.822" endtime="20230816 19:06:44.858"/>
</kw>
<status status="PASS" starttime="20230816 19:06:43.658" endtime="20230816 19:06:44.860"/>
</kw>
<kw name="Go to Site" library="Resource">
<arg>https://demoqa.com/frames</arg>
<kw name="New Page" library="Browser">
<arg>${url}</arg>
<tag>BrowserControl</tag>
<tag>Setter</tag>
<doc>Open a new Page.</doc>
<msg timestamp="20230816 19:06:48.265" level="INFO">Successfully initialized new page object and opened url: https://demoqa.com/frames</msg>
<status status="PASS" starttime="20230816 19:06:44.861" endtime="20230816 19:06:48.267"/>
</kw>
<status status="PASS" starttime="20230816 19:06:44.860" endtime="20230816 19:06:48.268"/>
</kw>
<status status="PASS" starttime="20230816 19:06:43.658" endtime="20230816 19:06:48.269"/>
</kw>
<kw name="Wait Sleep" library="Resource">
<kw name="Sleep" library="BuiltIn">
<arg>2</arg>
<doc>Pauses the test executed for the given time.</doc>
<msg timestamp="20230816 19:06:50.271" level="INFO">Slept 2 seconds</msg>
<status status="PASS" starttime="20230816 19:06:48.271" endtime="20230816 19:06:50.271"/>
</kw>
<status status="PASS" starttime="20230816 19:06:48.270" endtime="20230816 19:06:50.272"/>
</kw>
<kw name="Get Text" library="Browser">
<var>${text}</var>
<arg>xpath=//div[@class='main-header']</arg>
<tag>Assertion</tag>
<tag>Getter</tag>
<tag>PageContent</tag>
<doc>Returns text attribute of the element found by ``selector``.</doc>
<msg timestamp="20230816 19:06:50.386" level="INFO">Text: 'Frames'</msg>
<msg timestamp="20230816 19:06:50.387" level="INFO">${text} = Frames</msg>
<status status="PASS" starttime="20230816 19:06:50.272" endtime="20230816 19:06:50.388"/>
</kw>
<kw name="Should Be Equal" library="BuiltIn">
<arg>${text}</arg>
<arg>${expected text}</arg>
<doc>Fails if the given objects are unequal.</doc>
<status status="PASS" starttime="20230816 19:06:50.388" endtime="20230816 19:06:50.390"/>
</kw>
<kw name="Wait Sleep" library="Resource">
<kw name="Sleep" library="BuiltIn">
<arg>2</arg>
<doc>Pauses the test executed for the given time.</doc>
<msg timestamp="20230816 19:06:52.392" level="INFO">Slept 2 seconds</msg>
<status status="PASS" starttime="20230816 19:06:50.392" endtime="20230816 19:06:52.392"/>
</kw>
<status status="PASS" starttime="20230816 19:06:50.391" endtime="20230816 19:06:52.393"/>
</kw>
<status status="PASS" starttime="20230816 19:06:43.652" endtime="20230816 19:06:52.393"/>
</test>
<status status="PASS" starttime="20230816 19:06:40.182" endtime="20230816 19:06:52.655"/>
</suite>
<statistics>
<total>
<stat pass="1" fail="0" skip="0">All Tests</stat>
</total>
<tag>
</tag>
<suite>
<stat pass="1" fail="0" skip="0" id="s1" name="GetTest">GetTest</stat>
</suite>
</statistics>
<errors>
</errors>
</robot>
