<?xml version="1.0" encoding="UTF-8"?>
<robot generator="Robot 6.1.1 (Python 3.11.0 on win32)" generated="20240929 12:57:25.618" rpa="false" schemaversion="4">
<suite id="s1" name="PressKeysTest" source="C:\Users\simra\Desktop\BrowserLibrary_RF\BrowserTest\PressKeysTest.robot">
<test id="s1-t1" name="Test1" line="10">
<kw name="Open Browser to OrangeHRM Page" library="Resource" type="SETUP">
<kw name="Open Maximized Browser" library="Resource">
<arg>Chromium</arg>
<kw name="New Browser" library="Browser">
<arg>browser=${browser}</arg>
<arg>headless=false</arg>
<arg>args=["--start-maximized"]</arg>
<tag>BrowserControl</tag>
<tag>Setter</tag>
<doc>Create a new playwright Browser with specified options.</doc>
<msg timestamp="20240929 12:57:26.865" level="INFO">{"browser": "chromium", "headless": false, "args": ["--start-maximized"], "devtools": false, "handleSIGHUP": true, "handleSIGINT": true, "handleSIGTERM": true, "slowMo": 0.0, "timeout": 30000.0, "tracesDir": "C:\\Users\\simra\\Desktop\\BrowserLibrary_RF\\log\\browser\\traces\\bacf063a-ee89-4a18-8dca-163c867e1b4a"}</msg>
<msg timestamp="20240929 12:57:27.470" level="INFO">Successfully created browser with options: {"browser":"chromium","headless":false,"args":["--start-maximized"],"devtools":false,"handleSIGHUP":true,"handleSIGINT":true,"handleSIGTERM":true,"slowMo":0,"timeout":30000,"tracesDir":"C:\\Users\\simra\\Desktop\\BrowserLibrary_RF\\log\\browser\\traces\\bacf063a-ee89-4a18-8dca-163c867e1b4a"}</msg>
<status status="PASS" starttime="20240929 12:57:26.864" endtime="20240929 12:57:27.471"/>
</kw>
<kw name="New Context" library="Browser">
<arg>viewport=${None}</arg>
<tag>BrowserControl</tag>
<tag>Setter</tag>
<doc>Create a new BrowserContext with specified options.</doc>
<msg timestamp="20240929 12:57:27.473" level="INFO">{
  "acceptDownloads": true,
  "bypassCSP": false,
  "forcedColors": "none",
  "hideRfBrowser": "",
  "ignoreHTTPSErrors": false,
  "javaScriptEnabled": true,
  "offline": false,
  "reducedMotion": "no-preference",
  "viewport": null
}</msg>
<msg timestamp="20240929 12:57:27.506" level="INFO">Successfully created context. </msg>
<msg timestamp="20240929 12:57:27.506" level="INFO">{'acceptDownloads': True, 'bypassCSP': False, 'forcedColors': 'none', 'hideRfBrowser': '', 'ignoreHTTPSErrors': False, 'javaScriptEnabled': True, 'offline': False, 'reducedMotion': 'no-preference', 'viewport': None}</msg>
<status status="PASS" starttime="20240929 12:57:27.472" endtime="20240929 12:57:27.506"/>
</kw>
<status status="PASS" starttime="20240929 12:57:26.864" endtime="20240929 12:57:27.507"/>
</kw>
<kw name="Go to Site" library="Resource">
<arg>https://opensource-demo.orangehrmlive.com/web/index.php/auth/login</arg>
<kw name="New Page" library="Browser">
<arg>${url}</arg>
<tag>BrowserControl</tag>
<tag>Setter</tag>
<doc>Open a new Page.</doc>
<msg timestamp="20240929 12:57:29.522" level="INFO">Successfully initialized new page object and opened url: https://opensource-demo.orangehrmlive.com/web/index.php/auth/login</msg>
<status status="PASS" starttime="20240929 12:57:27.509" endtime="20240929 12:57:29.523"/>
</kw>
<status status="PASS" starttime="20240929 12:57:27.508" endtime="20240929 12:57:29.524"/>
</kw>
<kw name="Wait Sleep" library="Resource">
<kw name="Sleep" library="BuiltIn">
<arg>4</arg>
<doc>Pauses the test executed for the given time.</doc>
<msg timestamp="20240929 12:57:33.524" level="INFO">Slept 4 seconds</msg>
<status status="PASS" starttime="20240929 12:57:29.524" endtime="20240929 12:57:33.524"/>
</kw>
<status status="PASS" starttime="20240929 12:57:29.524" endtime="20240929 12:57:33.524"/>
</kw>
<status status="PASS" starttime="20240929 12:57:26.864" endtime="20240929 12:57:33.524"/>
</kw>
<kw name="Press Keys" library="Browser">
<arg>//input[@name='username']</arg>
<arg>a</arg>
<arg>d</arg>
<arg>m</arg>
<arg>i</arg>
<arg>n</arg>
<tag>PageContent</tag>
<tag>Setter</tag>
<doc>Types the given key combination into element found by ``selector``.</doc>
<status status="PASS" starttime="20240929 12:57:33.525" endtime="20240929 12:57:33.608"/>
</kw>
<kw name="Press Keys" library="Browser">
<arg>//input[@name='username']</arg>
<arg>Control+A</arg>
<arg>Control+C</arg>
<tag>PageContent</tag>
<tag>Setter</tag>
<doc>Types the given key combination into element found by ``selector``.</doc>
<status status="PASS" starttime="20240929 12:57:33.609" endtime="20240929 12:57:33.623"/>
</kw>
<kw name="Press Keys" library="Browser">
<arg>//input[@name='password']</arg>
<arg>Control+V</arg>
<arg>1</arg>
<arg>2</arg>
<arg>3</arg>
<tag>PageContent</tag>
<tag>Setter</tag>
<doc>Types the given key combination into element found by ``selector``.</doc>
<status status="PASS" starttime="20240929 12:57:33.623" endtime="20240929 12:57:33.682"/>
</kw>
<kw name="Click" library="Browser">
<arg>//button</arg>
<tag>PageContent</tag>
<tag>Setter</tag>
<doc>Simulates mouse click on the element found by ``selector``.</doc>
<status status="PASS" starttime="20240929 12:57:33.683" endtime="20240929 12:57:34.704"/>
</kw>
<kw name="Click" library="Browser">
<arg>//span[text()='Admin']</arg>
<tag>PageContent</tag>
<tag>Setter</tag>
<doc>Simulates mouse click on the element found by ``selector``.</doc>
<status status="PASS" starttime="20240929 12:57:34.704" endtime="20240929 12:57:36.296"/>
</kw>
<kw name="Press Keys" library="Browser">
<arg>//label[text()='Username']/parent::div/following-sibling::div/input</arg>
<arg>s</arg>
<arg>i</arg>
<arg>m</arg>
<tag>PageContent</tag>
<tag>Setter</tag>
<doc>Types the given key combination into element found by ``selector``.</doc>
<status status="PASS" starttime="20240929 12:57:36.297" endtime="20240929 12:57:36.765"/>
</kw>
<kw name="Pause Execution" library="Dialogs">
<doc>Pauses execution until user clicks ``Ok`` button.</doc>
<status status="PASS" starttime="20240929 12:57:36.766" endtime="20240929 12:57:38.777"/>
</kw>
<kw name="Press Keys" library="Browser">
<arg>//label[text()='Username']/parent::div/following-sibling::div/input</arg>
<arg>Control+A</arg>
<arg>Backspace</arg>
<tag>PageContent</tag>
<tag>Setter</tag>
<doc>Types the given key combination into element found by ``selector``.</doc>
<status status="PASS" starttime="20240929 12:57:38.778" endtime="20240929 12:57:38.838"/>
</kw>
<kw name="Pause Execution" library="Dialogs">
<doc>Pauses execution until user clicks ``Ok`` button.</doc>
<status status="PASS" starttime="20240929 12:57:38.839" endtime="20240929 12:57:40.373"/>
</kw>
<kw name="Press Keys" library="Browser">
<arg>//label[text()='Username']/parent::div/following-sibling::div/input</arg>
<arg>s</arg>
<arg>i</arg>
<arg>m</arg>
<arg>Tab</arg>
<tag>PageContent</tag>
<tag>Setter</tag>
<doc>Types the given key combination into element found by ``selector``.</doc>
<status status="PASS" starttime="20240929 12:57:40.374" endtime="20240929 12:57:40.458"/>
</kw>
<kw name="Press Keys" library="Browser">
<arg>//*[contains(text(),'Employee')]/parent::div/following-sibling::div//input</arg>
<arg>a</arg>
<tag>PageContent</tag>
<tag>Setter</tag>
<doc>Types the given key combination into element found by ``selector``.</doc>
<status status="PASS" starttime="20240929 12:57:40.459" endtime="20240929 12:57:40.495"/>
</kw>
<kw name="Wait Sleep" library="Resource">
<kw name="Sleep" library="BuiltIn">
<arg>4</arg>
<doc>Pauses the test executed for the given time.</doc>
<msg timestamp="20240929 12:57:44.497" level="INFO">Slept 4 seconds</msg>
<status status="PASS" starttime="20240929 12:57:40.496" endtime="20240929 12:57:44.497"/>
</kw>
<status status="PASS" starttime="20240929 12:57:40.496" endtime="20240929 12:57:44.498"/>
</kw>
<kw name="Press Keys" library="Browser">
<arg>//*[contains(text(),'Employee')]/parent::div/following-sibling::div//input</arg>
<arg>ArrowDown</arg>
<arg>Enter</arg>
<tag>PageContent</tag>
<tag>Setter</tag>
<doc>Types the given key combination into element found by ``selector``.</doc>
<status status="PASS" starttime="20240929 12:57:44.498" endtime="20240929 12:57:44.521"/>
</kw>
<status status="PASS" starttime="20240929 12:57:26.861" endtime="20240929 12:57:44.521"/>
</test>
<status status="PASS" starttime="20240929 12:57:25.623" endtime="20240929 12:57:44.648"/>
</suite>
<statistics>
<total>
<stat pass="1" fail="0" skip="0">All Tests</stat>
</total>
<tag>
</tag>
<suite>
<stat pass="1" fail="0" skip="0" id="s1" name="PressKeysTest">PressKeysTest</stat>
</suite>
</statistics>
<errors>
</errors>
</robot>
