<?xml version="1.0" encoding="UTF-8"?>
<robot generator="Robot 6.1 (Python 3.11.0 on win32)" generated="20230730 10:19:08.335" rpa="false" schemaversion="4">
<suite id="s1" name="Locators" source="C:\Users\simra\Desktop\BrowserLibrary_RF\BrowserTest\Locators.robot">
<test id="s1-t1" name="LocatorTextTest" line="7">
<kw name="Open Browser to Demo Page" library="Resource" type="SETUP">
<kw name="Open Maximized Browser" library="Resource">
<arg>Chromium</arg>
<kw name="New Browser" library="Browser">
<arg>browser=${browser}</arg>
<arg>headless=false</arg>
<arg>args=["--start-maximized"]</arg>
<tag>BrowserControl</tag>
<tag>Setter</tag>
<doc>Create a new playwright Browser with specified options.</doc>
<msg timestamp="20230730 10:19:10.796" level="INFO">{"browser": "chromium", "headless": false, "args": ["--start-maximized"], "devtools": false, "handleSIGHUP": true, "handleSIGINT": true, "handleSIGTERM": true, "slowMo": 0.0, "timeout": 30000.0, "tracesDir": "C:\\Users\\simra\\Desktop\\BrowserLibrary_RF\\log\\browser\\traces\\4363a37d-c00d-43f0-ae4e-7e843aeeb13d"}</msg>
<msg timestamp="20230730 10:19:11.741" level="INFO">Successfully created browser with options: {"browser":"chromium","headless":false,"args":["--start-maximized"],"devtools":false,"handleSIGHUP":true,"handleSIGINT":true,"handleSIGTERM":true,"slowMo":0,"timeout":30000,"tracesDir":"C:\\Users\\simra\\Desktop\\BrowserLibrary_RF\\log\\browser\\traces\\4363a37d-c00d-43f0-ae4e-7e843aeeb13d"}</msg>
<status status="PASS" starttime="20230730 10:19:10.795" endtime="20230730 10:19:11.741"/>
</kw>
<kw name="New Context" library="Browser">
<arg>viewport=${None}</arg>
<tag>BrowserControl</tag>
<tag>Setter</tag>
<doc>Create a new BrowserContext with specified options.</doc>
<msg timestamp="20230730 10:19:11.742" level="INFO">{
  "acceptDownloads": true,
  "bypassCSP": false,
  "forcedColors": "none",
  "hideRfBrowser": "",
  "ignoreHTTPSErrors": false,
  "javaScriptEnabled": true,
  "offline": false,
  "reducedMotion": "no-preference",
  "viewport": null
}</msg>
<msg timestamp="20230730 10:19:11.766" level="INFO">Successfully created context. </msg>
<msg timestamp="20230730 10:19:11.766" level="INFO">{'acceptDownloads': True, 'bypassCSP': False, 'forcedColors': 'none', 'hideRfBrowser': '', 'ignoreHTTPSErrors': False, 'javaScriptEnabled': True, 'offline': False, 'reducedMotion': 'no-preference', 'viewport': None}</msg>
<status status="PASS" starttime="20230730 10:19:11.742" endtime="20230730 10:19:11.766"/>
</kw>
<status status="PASS" starttime="20230730 10:19:10.794" endtime="20230730 10:19:11.768"/>
</kw>
<kw name="Go to Site" library="Resource">
<arg>https://demo.nopcommerce.com/</arg>
<kw name="New Page" library="Browser">
<arg>${url}</arg>
<tag>BrowserControl</tag>
<tag>Setter</tag>
<doc>Open a new Page.</doc>
<msg timestamp="20230730 10:19:13.481" level="INFO">Successfully initialized new page object and opened url: https://demo.nopcommerce.com/</msg>
<status status="PASS" starttime="20230730 10:19:11.769" endtime="20230730 10:19:13.481"/>
</kw>
<status status="PASS" starttime="20230730 10:19:11.768" endtime="20230730 10:19:13.481"/>
</kw>
<kw name="Wait Sleep" library="Resource">
<kw name="Sleep" library="BuiltIn">
<arg>4</arg>
<doc>Pauses the test executed for the given time.</doc>
<msg timestamp="20230730 10:19:17.482" level="INFO">Slept 4 seconds</msg>
<status status="PASS" starttime="20230730 10:19:13.482" endtime="20230730 10:19:17.483"/>
</kw>
<status status="PASS" starttime="20230730 10:19:13.481" endtime="20230730 10:19:17.484"/>
</kw>
<status status="PASS" starttime="20230730 10:19:10.794" endtime="20230730 10:19:17.484"/>
</kw>
<kw name="Click" library="Browser">
<arg>li &gt; .ico-register</arg>
<tag>PageContent</tag>
<tag>Setter</tag>
<doc>Simulates mouse click on the element found by ``selector``.</doc>
<status status="PASS" starttime="20230730 10:19:17.485" endtime="20230730 10:19:18.459"/>
</kw>
<kw name="Wait Sleep" library="Resource">
<kw name="Sleep" library="BuiltIn">
<arg>4</arg>
<doc>Pauses the test executed for the given time.</doc>
<msg timestamp="20230730 10:19:22.461" level="INFO">Slept 4 seconds</msg>
<status status="PASS" starttime="20230730 10:19:18.460" endtime="20230730 10:19:22.461"/>
</kw>
<status status="PASS" starttime="20230730 10:19:18.459" endtime="20230730 10:19:22.461"/>
</kw>
<kw name="Type Text" library="Browser">
<arg>css=div &gt;&gt; id=FirstName</arg>
<arg>txt</arg>
<tag>PageContent</tag>
<tag>Setter</tag>
<doc>Types the given ``txt`` into the text field found by ``selector``.</doc>
<msg timestamp="20230730 10:19:22.461" level="INFO">Types the text 'txt' in the given field.</msg>
<status status="PASS" starttime="20230730 10:19:22.461" endtime="20230730 10:19:22.553"/>
</kw>
<kw name="Type Text" library="Browser">
<arg>xpath=//*[@id="LastName"]</arg>
<arg>raina</arg>
<tag>PageContent</tag>
<tag>Setter</tag>
<doc>Types the given ``txt`` into the text field found by ``selector``.</doc>
<msg timestamp="20230730 10:19:22.556" level="INFO">Types the text 'raina' in the given field.</msg>
<status status="PASS" starttime="20230730 10:19:22.555" endtime="20230730 10:19:22.650"/>
</kw>
<status status="PASS" starttime="20230730 10:19:10.777" endtime="20230730 10:19:22.651"/>
</test>
<status status="PASS" starttime="20230730 10:19:08.338" endtime="20230730 10:19:22.789"/>
</suite>
<statistics>
<total>
<stat pass="1" fail="0" skip="0">All Tests</stat>
</total>
<tag>
</tag>
<suite>
<stat pass="1" fail="0" skip="0" id="s1" name="Locators">Locators</stat>
</suite>
</statistics>
<errors>
</errors>
</robot>
