<?xml version="1.0" encoding="UTF-8"?>
<robot generator="Robot 7.1 (Python 3.11.0 on win32)" generated="2024-10-26T19:42:06.221803" rpa="false" schemaversion="5">
<suite id="s1" name="AssertionTests" source="C:\Users\simra\Desktop\BrowserLibrary_RF\BuiltInLibTests\AssertionTests.robot">
<test id="s1-t1" name="Test String Does Not Match Pattern" line="60">
<kw name="Set Variable" owner="BuiltIn">
<msg time="2024-10-26T19:42:06.256463" level="INFO">${filename} = data.csv</msg>
<var>${filename}</var>
<arg>data.csv</arg>
<doc>Returns the given values which can then be assigned to a variables.</doc>
<status status="PASS" start="2024-10-26T19:42:06.256463" elapsed="0.003004"/>
</kw>
<kw name="Should Not Match" owner="BuiltIn">
<arg>${filename}</arg>
<arg>*.pdf</arg>
<arg>Expected filename not to be PDF</arg>
<doc>Fails if the given ``string`` matches the given ``pattern``.</doc>
<status status="PASS" start="2024-10-26T19:42:06.259981" elapsed="0.001011"/>
</kw>
<status status="PASS" start="2024-10-26T19:42:06.255462" elapsed="0.005530"/>
</test>
<status status="PASS" start="2024-10-26T19:42:06.225885" elapsed="0.039149"/>
</suite>
<statistics>
<total>
<stat pass="1" fail="0" skip="0">All Tests</stat>
</total>
<tag>
</tag>
<suite>
<stat pass="1" fail="0" skip="0" id="s1" name="AssertionTests">AssertionTests</stat>
</suite>
</statistics>
<errors>
</errors>
</robot>
