<?xml version="1.0" encoding="UTF-8"?>
<robot generator="Robot 6.1 (Python 3.11.0 on win32)" generated="20230805 19:17:10.016" rpa="false" schemaversion="4">
<suite id="s1" name="AlertTest" source="C:\Users\simra\Desktop\BrowserLibrary_RF\BrowserTest\AlertTest.robot">
<test id="s1-t1" name="AlertTest1" line="7">
<kw name="Open Browser to Alert Page" library="Resource" type="SETUP">
<kw name="Open Maximized Browser" library="Resource">
<arg>Chromium</arg>
<kw name="New Browser" library="Browser">
<arg>browser=${browser}</arg>
<arg>headless=false</arg>
<arg>args=["--start-maximized"]</arg>
<tag>BrowserControl</tag>
<tag>Setter</tag>
<doc>Create a new playwright Browser with specified options.</doc>
<msg timestamp="20230805 19:17:12.284" level="INFO">{"browser": "chromium", "headless": false, "args": ["--start-maximized"], "devtools": false, "handleSIGHUP": true, "handleSIGINT": true, "handleSIGTERM": true, "slowMo": 0.0, "timeout": 30000.0, "tracesDir": "C:\\Users\\simra\\Desktop\\BrowserLibrary_RF\\log\\browser\\traces\\e513497a-81f0-40de-b1b9-2773656b91b4"}</msg>
<msg timestamp="20230805 19:17:13.110" level="INFO">Successfully created browser with options: {"browser":"chromium","headless":false,"args":["--start-maximized"],"devtools":false,"handleSIGHUP":true,"handleSIGINT":true,"handleSIGTERM":true,"slowMo":0,"timeout":30000,"tracesDir":"C:\\Users\\simra\\Desktop\\BrowserLibrary_RF\\log\\browser\\traces\\e513497a-81f0-40de-b1b9-2773656b91b4"}</msg>
<status status="PASS" starttime="20230805 19:17:12.284" endtime="20230805 19:17:13.110"/>
</kw>
<kw name="New Context" library="Browser">
<arg>viewport=${None}</arg>
<tag>BrowserControl</tag>
<tag>Setter</tag>
<doc>Create a new BrowserContext with specified options.</doc>
<msg timestamp="20230805 19:17:13.110" level="INFO">{
  "acceptDownloads": true,
  "bypassCSP": false,
  "forcedColors": "none",
  "hideRfBrowser": "",
  "ignoreHTTPSErrors": false,
  "javaScriptEnabled": true,
  "offline": false,
  "reducedMotion": "no-preference",
  "viewport": null
}</msg>
<msg timestamp="20230805 19:17:13.126" level="INFO">Successfully created context. </msg>
<msg timestamp="20230805 19:17:13.126" level="INFO">{'acceptDownloads': True, 'bypassCSP': False, 'forcedColors': 'none', 'hideRfBrowser': '', 'ignoreHTTPSErrors': False, 'javaScriptEnabled': True, 'offline': False, 'reducedMotion': 'no-preference', 'viewport': None}</msg>
<status status="PASS" starttime="20230805 19:17:13.110" endtime="20230805 19:17:13.126"/>
</kw>
<status status="PASS" starttime="20230805 19:17:12.284" endtime="20230805 19:17:13.126"/>
</kw>
<kw name="Go to Site" library="Resource">
<arg>https://demoqa.com/alerts</arg>
<kw name="New Page" library="Browser">
<arg>${url}</arg>
<tag>BrowserControl</tag>
<tag>Setter</tag>
<doc>Open a new Page.</doc>
<msg timestamp="20230805 19:17:15.605" level="INFO">Successfully initialized new page object and opened url: https://demoqa.com/alerts</msg>
<status status="PASS" starttime="20230805 19:17:13.126" endtime="20230805 19:17:15.606"/>
</kw>
<status status="PASS" starttime="20230805 19:17:13.126" endtime="20230805 19:17:15.606"/>
</kw>
<status status="PASS" starttime="20230805 19:17:12.284" endtime="20230805 19:17:15.606"/>
</kw>
<kw name="Promise To" library="Browser">
<arg>Wait For Alert</arg>
<arg>action=accept</arg>
<tag>Wait</tag>
<doc>Wrap a Browser library keyword and make it a promise.</doc>
<status status="PASS" starttime="20230805 19:17:15.606" endtime="20230805 19:17:15.608"/>
</kw>
<kw name="Wait Sleep" library="Resource">
<kw name="Sleep" library="BuiltIn">
<arg>4</arg>
<doc>Pauses the test executed for the given time.</doc>
<msg timestamp="20230805 19:17:19.610" level="INFO">Slept 4 seconds</msg>
<status status="PASS" starttime="20230805 19:17:15.609" endtime="20230805 19:17:19.610"/>
</kw>
<status status="PASS" starttime="20230805 19:17:15.608" endtime="20230805 19:17:19.611"/>
</kw>
<kw name="Click" library="Browser">
<arg>id=alertButton</arg>
<tag>PageContent</tag>
<tag>Setter</tag>
<doc>Simulates mouse click on the element found by ``selector``.</doc>
<status status="PASS" starttime="20230805 19:17:19.611" endtime="20230805 19:17:19.704"/>
</kw>
<status status="PASS" starttime="20230805 19:17:12.268" endtime="20230805 19:17:19.704"/>
</test>
<status status="PASS" starttime="20230805 19:17:10.016" endtime="20230805 19:17:19.863"/>
</suite>
<statistics>
<total>
<stat pass="1" fail="0" skip="0">All Tests</stat>
</total>
<tag>
</tag>
<suite>
<stat pass="1" fail="0" skip="0" id="s1" name="AlertTest">AlertTest</stat>
</suite>
</statistics>
<errors>
<msg timestamp="20230805 19:17:19.713" level="WARN">Waiting unresolved promises at the end of test 'AlertTest1'</msg>
</errors>
</robot>
