<?xml version="1.0" encoding="UTF-8"?>
<robot generator="Robot 6.1.1 (Python 3.11.0 on win32)" generated="20240804 10:54:47.581" rpa="false" schemaversion="4">
<suite id="s1" name="TestTemplateForLoop" source="C:\Users\simra\Desktop\BrowserLibrary_RF\BrowserTest\TestTemplateForLoop.robot">
<test id="s1-t1" name="Login Test Cases" line="5">
<kw name="Login Test">
<arg>${value}</arg>
<arg>username</arg>
<msg timestamp="20240804 10:54:47.620" level="FAIL">Variable '${value}' not found.</msg>
<status status="FAIL" starttime="20240804 10:54:47.619" endtime="20240804 10:54:47.621"/>
</kw>
<for flavor="IN">
<var>${username}</var>
<var>${password}</var>
<value>@{USER_CREDENTIALS}</value>
<iter>
<var name="${username}">user1</var>
<var name="${password}">pass1</var>
<kw name="Login Test">
<arg>${username}</arg>
<arg>${password}</arg>
<kw name="Log" library="BuiltIn">
<arg>Username: ${user}</arg>
<doc>Logs the given message with the given level.</doc>
<msg timestamp="20240804 10:54:47.623" level="INFO">Username: user1</msg>
<status status="PASS" starttime="20240804 10:54:47.622" endtime="20240804 10:54:47.623"/>
</kw>
<kw name="Log" library="BuiltIn">
<arg>Password: ${pass}</arg>
<doc>Logs the given message with the given level.</doc>
<msg timestamp="20240804 10:54:47.623" level="INFO">Password: pass1</msg>
<status status="PASS" starttime="20240804 10:54:47.623" endtime="20240804 10:54:47.623"/>
</kw>
<status status="PASS" starttime="20240804 10:54:47.622" endtime="20240804 10:54:47.623"/>
</kw>
<status status="PASS" starttime="20240804 10:54:47.621" endtime="20240804 10:54:47.623"/>
</iter>
<iter>
<var name="${username}">user2</var>
<var name="${password}">pass2</var>
<kw name="Login Test">
<arg>${username}</arg>
<arg>${password}</arg>
<kw name="Log" library="BuiltIn">
<arg>Username: ${user}</arg>
<doc>Logs the given message with the given level.</doc>
<msg timestamp="20240804 10:54:47.624" level="INFO">Username: user2</msg>
<status status="PASS" starttime="20240804 10:54:47.624" endtime="20240804 10:54:47.624"/>
</kw>
<kw name="Log" library="BuiltIn">
<arg>Password: ${pass}</arg>
<doc>Logs the given message with the given level.</doc>
<msg timestamp="20240804 10:54:47.624" level="INFO">Password: pass2</msg>
<status status="PASS" starttime="20240804 10:54:47.624" endtime="20240804 10:54:47.624"/>
</kw>
<status status="PASS" starttime="20240804 10:54:47.624" endtime="20240804 10:54:47.624"/>
</kw>
<status status="PASS" starttime="20240804 10:54:47.624" endtime="20240804 10:54:47.624"/>
</iter>
<iter>
<var name="${username}">user3</var>
<var name="${password}">pass3</var>
<kw name="Login Test">
<arg>${username}</arg>
<arg>${password}</arg>
<kw name="Log" library="BuiltIn">
<arg>Username: ${user}</arg>
<doc>Logs the given message with the given level.</doc>
<msg timestamp="20240804 10:54:47.625" level="INFO">Username: user3</msg>
<status status="PASS" starttime="20240804 10:54:47.625" endtime="20240804 10:54:47.625"/>
</kw>
<kw name="Log" library="BuiltIn">
<arg>Password: ${pass}</arg>
<doc>Logs the given message with the given level.</doc>
<msg timestamp="20240804 10:54:47.625" level="INFO">Password: pass3</msg>
<status status="PASS" starttime="20240804 10:54:47.625" endtime="20240804 10:54:47.625"/>
</kw>
<status status="PASS" starttime="20240804 10:54:47.624" endtime="20240804 10:54:47.625"/>
</kw>
<status status="PASS" starttime="20240804 10:54:47.624" endtime="20240804 10:54:47.625"/>
</iter>
<status status="PASS" starttime="20240804 10:54:47.621" endtime="20240804 10:54:47.626"/>
</for>
<status status="FAIL" starttime="20240804 10:54:47.618" endtime="20240804 10:54:47.626">Variable '${value}' not found.</status>
</test>
<status status="FAIL" starttime="20240804 10:54:47.584" endtime="20240804 10:54:47.626"/>
</suite>
<statistics>
<total>
<stat pass="0" fail="1" skip="0">All Tests</stat>
</total>
<tag>
</tag>
<suite>
<stat pass="0" fail="1" skip="0" id="s1" name="TestTemplateForLoop">TestTemplateForLoop</stat>
</suite>
</statistics>
<errors>
</errors>
</robot>
