<?xml version="1.0" encoding="UTF-8"?>
<robot generator="Robot 6.1 (Python 3.11.0 on win32)" generated="20240605 19:08:54.660" rpa="false" schemaversion="4">
<suite id="s1" name="CookiesTest" source="C:\Users\simra\Desktop\BrowserLibrary_RF\BrowserTest\CookiesTest.robot">
<test id="s1-t1" name="FirstTest" line="7">
<kw name="Open Browser to guru99 Page" library="Resource" type="SETUP">
<kw name="Open Maximized Browser" library="Resource">
<arg>Chromium</arg>
<kw name="New Browser" library="Browser">
<arg>browser=${browser}</arg>
<arg>headless=false</arg>
<arg>args=["--start-maximized"]</arg>
<tag>BrowserControl</tag>
<tag>Setter</tag>
<doc>Create a new playwright Browser with specified options.</doc>
<msg timestamp="20240605 19:09:00.347" level="INFO">{"browser": "chromium", "headless": false, "args": ["--start-maximized"], "devtools": false, "handleSIGHUP": true, "handleSIGINT": true, "handleSIGTERM": true, "slowMo": 0.0, "timeout": 30000.0, "tracesDir": "C:\\Users\\simra\\Desktop\\BrowserLibrary_RF\\log\\browser\\traces\\24d7457d-ac32-4e37-93c0-fdb4a8d378a3"}</msg>
<msg timestamp="20240605 19:09:01.853" level="INFO">Successfully created browser with options: {"browser":"chromium","headless":false,"args":["--start-maximized"],"devtools":false,"handleSIGHUP":true,"handleSIGINT":true,"handleSIGTERM":true,"slowMo":0,"timeout":30000,"tracesDir":"C:\\Users\\simra\\Desktop\\BrowserLibrary_RF\\log\\browser\\traces\\24d7457d-ac32-4e37-93c0-fdb4a8d378a3"}</msg>
<status status="PASS" starttime="20240605 19:09:00.344" endtime="20240605 19:09:01.854"/>
</kw>
<kw name="New Context" library="Browser">
<arg>viewport=${None}</arg>
<tag>BrowserControl</tag>
<tag>Setter</tag>
<doc>Create a new BrowserContext with specified options.</doc>
<msg timestamp="20240605 19:09:01.855" level="INFO">{
  "acceptDownloads": true,
  "bypassCSP": false,
  "forcedColors": "none",
  "hideRfBrowser": "",
  "ignoreHTTPSErrors": false,
  "javaScriptEnabled": true,
  "offline": false,
  "reducedMotion": "no-preference",
  "viewport": null
}</msg>
<msg timestamp="20240605 19:09:01.896" level="INFO">Successfully created context. </msg>
<msg timestamp="20240605 19:09:01.896" level="INFO">{'acceptDownloads': True, 'bypassCSP': False, 'forcedColors': 'none', 'hideRfBrowser': '', 'ignoreHTTPSErrors': False, 'javaScriptEnabled': True, 'offline': False, 'reducedMotion': 'no-preference', 'viewport': None}</msg>
<status status="PASS" starttime="20240605 19:09:01.854" endtime="20240605 19:09:01.896"/>
</kw>
<status status="PASS" starttime="20240605 19:09:00.342" endtime="20240605 19:09:01.897"/>
</kw>
<kw name="Go to Site" library="Resource">
<arg>http://demo.guru99.com/test/cookie/selenium_aut.php</arg>
<kw name="New Page" library="Browser">
<arg>${url}</arg>
<tag>BrowserControl</tag>
<tag>Setter</tag>
<doc>Open a new Page.</doc>
<msg timestamp="20240605 19:09:04.956" level="INFO">Successfully initialized new page object and opened url: http://demo.guru99.com/test/cookie/selenium_aut.php</msg>
<status status="PASS" starttime="20240605 19:09:01.898" endtime="20240605 19:09:04.956"/>
</kw>
<status status="PASS" starttime="20240605 19:09:01.897" endtime="20240605 19:09:04.957"/>
</kw>
<status status="PASS" starttime="20240605 19:09:00.339" endtime="20240605 19:09:04.957"/>
</kw>
<kw name="Type Text" library="Browser">
<arg>xpath=//input[@name="username"]</arg>
<arg>abc123</arg>
<tag>PageContent</tag>
<tag>Setter</tag>
<doc>Types the given ``txt`` into the text field found by ``selector``.</doc>
<msg timestamp="20240605 19:09:04.958" level="INFO">Types the text 'abc123' in the given field.</msg>
<status status="PASS" starttime="20240605 19:09:04.958" endtime="20240605 19:09:05.069"/>
</kw>
<kw name="Type Text" library="Browser">
<arg>xpath=//input[@name="password"]</arg>
<arg>123xyz</arg>
<tag>PageContent</tag>
<tag>Setter</tag>
<doc>Types the given ``txt`` into the text field found by ``selector``.</doc>
<msg timestamp="20240605 19:09:05.071" level="INFO">Types the text '123xyz' in the given field.</msg>
<status status="PASS" starttime="20240605 19:09:05.070" endtime="20240605 19:09:05.209"/>
</kw>
<kw name="Click" library="Browser">
<arg>xpath=//button[text()="Login"]</arg>
<tag>PageContent</tag>
<tag>Setter</tag>
<doc>Simulates mouse click on the element found by ``selector``.</doc>
<status status="PASS" starttime="20240605 19:09:05.209" endtime="20240605 19:09:05.571"/>
</kw>
<kw name="Get Cookies" library="Browser">
<var>@{cookies}</var>
<tag>Getter</tag>
<tag>PageContent</tag>
<doc>Returns cookies from the current active browser context.</doc>
<msg timestamp="20240605 19:09:05.583" level="INFO">Found cookies: _ga,_gid,_gat_gtag_UA_1248015_24,gdpr-auditId,geo-location</msg>
<msg timestamp="20240605 19:09:05.589" level="INFO">@{cookies} = [ {'name': '_ga', 'value': 'GA1.2.1584207958.1717607344', 'domain': '.guru99.com', 'path': '/', 'expires': datetime.datetime(2025, 7, 10, 17, 9, 4, 345518, tzinfo=datetime.timezone.utc), 'httpOnly': F...</msg>
<status status="PASS" starttime="20240605 19:09:05.571" endtime="20240605 19:09:05.590"/>
</kw>
<kw name="Log" library="BuiltIn">
<arg>${cookies}</arg>
<doc>Logs the given message with the given level.</doc>
<msg timestamp="20240605 19:09:05.591" level="INFO">[{'name': '_ga', 'value': 'GA1.2.1584207958.1717607344', 'domain': '.guru99.com', 'path': '/', 'expires': datetime.datetime(2025, 7, 10, 17, 9, 4, 345518, tzinfo=datetime.timezone.utc), 'httpOnly': False, 'secure': False, 'sameSite': 'Lax'}, {'name': '_gid', 'value': 'GA1.2.802606375.1717607344', 'domain': '.guru99.com', 'path': '/', 'expires': datetime.datetime(2024, 6, 6, 17, 9, 4, tzinfo=datetime.timezone.utc), 'httpOnly': False, 'secure': False, 'sameSite': 'Lax'}, {'name': '_gat_gtag_UA_1248015_24', 'value': '1', 'domain': '.guru99.com', 'path': '/', 'expires': datetime.datetime(2024, 6, 5, 17, 10, 4, tzinfo=datetime.timezone.utc), 'httpOnly': False, 'secure': False, 'sameSite': 'Lax'}, {'name': 'gdpr-auditId', 'value': '57a03d9c6e2544dab66442296db3b4cc', 'domain': 'demo.guru99.com', 'path': '/', 'expires': datetime.datetime(2025, 6, 30, 17, 9, 4, 886982, tzinfo=datetime.timezone.utc), 'httpOnly': False, 'secure': False, 'sameSite': 'Lax'}, {'name': 'geo-location', 'value': '{"country":"PL","region":"12"}', 'domain': 'demo.guru99.com', 'path': '/', 'expires': datetime.datetime(2024, 6, 6, 17, 9, 5, 169154, tzinfo=datetime.timezone.utc), 'httpOnly': False, 'secure': False, 'sameSite': 'Lax'}]</msg>
<status status="PASS" starttime="20240605 19:09:05.590" endtime="20240605 19:09:05.591"/>
</kw>
<kw name="Get Length" library="BuiltIn">
<var>${number_of_cookies}</var>
<arg>${cookies}</arg>
<doc>Returns and logs the length of the given item as an integer.</doc>
<msg timestamp="20240605 19:09:05.592" level="INFO">Length is 5</msg>
<msg timestamp="20240605 19:09:05.592" level="INFO">${number_of_cookies} = 5</msg>
<status status="PASS" starttime="20240605 19:09:05.592" endtime="20240605 19:09:05.592"/>
</kw>
<kw name="Log" library="BuiltIn">
<arg>${number_of_cookies}</arg>
<doc>Logs the given message with the given level.</doc>
<msg timestamp="20240605 19:09:05.593" level="INFO">5</msg>
<status status="PASS" starttime="20240605 19:09:05.593" endtime="20240605 19:09:05.593"/>
</kw>
<kw name="Get Cookie" library="Browser">
<var>${name}</var>
<arg>gdpr-auditId</arg>
<tag>BrowserControl</tag>
<tag>Getter</tag>
<doc>Returns information of cookie with ``name`` as a Robot Framework dot dictionary or a string.</doc>
<msg timestamp="20240605 19:09:05.601" level="INFO">${name} = {'name': 'gdpr-auditId', 'value': '57a03d9c6e2544dab66442296db3b4cc', 'domain': 'demo.guru99.com', 'path': '/', 'expires': datetime.datetime(2025, 6, 30, 17, 9, 4, 886982, tzinfo=datetime.timezone.utc...</msg>
<status status="PASS" starttime="20240605 19:09:05.593" endtime="20240605 19:09:05.601"/>
</kw>
<kw name="Log" library="BuiltIn">
<arg>${name.value}</arg>
<doc>Logs the given message with the given level.</doc>
<msg timestamp="20240605 19:09:05.606" level="INFO">57a03d9c6e2544dab66442296db3b4cc</msg>
<status status="PASS" starttime="20240605 19:09:05.602" endtime="20240605 19:09:05.608"/>
</kw>
<kw name="Log" library="BuiltIn">
<arg>${name.domain}</arg>
<doc>Logs the given message with the given level.</doc>
<msg timestamp="20240605 19:09:05.613" level="INFO">demo.guru99.com</msg>
<status status="PASS" starttime="20240605 19:09:05.609" endtime="20240605 19:09:05.614"/>
</kw>
<kw name="Add Cookie" library="Browser">
<arg>name=sim</arg>
<arg>value=seniorqa</arg>
<arg>domain=demo.guru99.com</arg>
<arg>path=/sim</arg>
<tag>BrowserControl</tag>
<tag>Setter</tag>
<doc>Adds a cookie to currently active browser context.</doc>
<msg timestamp="20240605 19:09:05.625" level="INFO">Cookie "sim" added.</msg>
<status status="PASS" starttime="20240605 19:09:05.614" endtime="20240605 19:09:05.625"/>
</kw>
<kw name="Get Cookie" library="Browser">
<var>${name}</var>
<arg>sim</arg>
<tag>BrowserControl</tag>
<tag>Getter</tag>
<doc>Returns information of cookie with ``name`` as a Robot Framework dot dictionary or a string.</doc>
<msg timestamp="20240605 19:09:05.640" level="INFO">${name} = {'name': 'sim', 'value': 'seniorqa', 'domain': 'demo.guru99.com', 'path': '/sim', 'expires': datetime.datetime(1969, 12, 31, 23, 59, 59, tzinfo=datetime.timezone.utc), 'httpOnly': False, 'secure': Fal...</msg>
<status status="PASS" starttime="20240605 19:09:05.626" endtime="20240605 19:09:05.641"/>
</kw>
<kw name="Log" library="BuiltIn">
<arg>${name.value}</arg>
<doc>Logs the given message with the given level.</doc>
<msg timestamp="20240605 19:09:05.645" level="INFO">seniorqa</msg>
<status status="PASS" starttime="20240605 19:09:05.642" endtime="20240605 19:09:05.645"/>
</kw>
<kw name="Get Cookies" library="Browser">
<var>@{new_cookies}</var>
<tag>Getter</tag>
<tag>PageContent</tag>
<doc>Returns cookies from the current active browser context.</doc>
<msg timestamp="20240605 19:09:05.656" level="INFO">Found cookies: sim,_ga,_gid,_gat_gtag_UA_1248015_24,gdpr-auditId,geo-location</msg>
<msg timestamp="20240605 19:09:05.656" level="INFO">@{new_cookies} = [ {'name': 'sim', 'value': 'seniorqa', 'domain': 'demo.guru99.com', 'path': '/sim', 'expires': datetime.datetime(1969, 12, 31, 23, 59, 59, tzinfo=datetime.timezone.utc), 'httpOnly': False, 'secure': F...</msg>
<status status="PASS" starttime="20240605 19:09:05.646" endtime="20240605 19:09:05.656"/>
</kw>
<kw name="Log" library="BuiltIn">
<arg>${new_cookies}</arg>
<doc>Logs the given message with the given level.</doc>
<msg timestamp="20240605 19:09:05.657" level="INFO">[{'name': 'sim', 'value': 'seniorqa', 'domain': 'demo.guru99.com', 'path': '/sim', 'expires': datetime.datetime(1969, 12, 31, 23, 59, 59, tzinfo=datetime.timezone.utc), 'httpOnly': False, 'secure': False, 'sameSite': 'Lax'}, {'name': '_ga', 'value': 'GA1.2.1584207958.1717607344', 'domain': '.guru99.com', 'path': '/', 'expires': datetime.datetime(2025, 7, 10, 17, 9, 4, 345518, tzinfo=datetime.timezone.utc), 'httpOnly': False, 'secure': False, 'sameSite': 'Lax'}, {'name': '_gid', 'value': 'GA1.2.802606375.1717607344', 'domain': '.guru99.com', 'path': '/', 'expires': datetime.datetime(2024, 6, 6, 17, 9, 4, tzinfo=datetime.timezone.utc), 'httpOnly': False, 'secure': False, 'sameSite': 'Lax'}, {'name': '_gat_gtag_UA_1248015_24', 'value': '1', 'domain': '.guru99.com', 'path': '/', 'expires': datetime.datetime(2024, 6, 5, 17, 10, 4, tzinfo=datetime.timezone.utc), 'httpOnly': False, 'secure': False, 'sameSite': 'Lax'}, {'name': 'gdpr-auditId', 'value': '57a03d9c6e2544dab66442296db3b4cc', 'domain': 'demo.guru99.com', 'path': '/', 'expires': datetime.datetime(2025, 6, 30, 17, 9, 4, 886982, tzinfo=datetime.timezone.utc), 'httpOnly': False, 'secure': False, 'sameSite': 'Lax'}, {'name': 'geo-location', 'value': '{"country":"PL","region":"12"}', 'domain': 'demo.guru99.com', 'path': '/', 'expires': datetime.datetime(2024, 6, 6, 17, 9, 5, 169154, tzinfo=datetime.timezone.utc), 'httpOnly': False, 'secure': False, 'sameSite': 'Lax'}]</msg>
<status status="PASS" starttime="20240605 19:09:05.657" endtime="20240605 19:09:05.657"/>
</kw>
<kw name="Get Length" library="BuiltIn">
<var>${new_size}</var>
<arg>${new_cookies}</arg>
<doc>Returns and logs the length of the given item as an integer.</doc>
<msg timestamp="20240605 19:09:05.658" level="INFO">Length is 6</msg>
<msg timestamp="20240605 19:09:05.658" level="INFO">${new_size} = 6</msg>
<status status="PASS" starttime="20240605 19:09:05.657" endtime="20240605 19:09:05.658"/>
</kw>
<kw name="Log" library="BuiltIn">
<arg>${new_size}</arg>
<doc>Logs the given message with the given level.</doc>
<msg timestamp="20240605 19:09:05.658" level="INFO">6</msg>
<status status="PASS" starttime="20240605 19:09:05.658" endtime="20240605 19:09:05.659"/>
</kw>
<kw name="Delete All Cookies" library="Browser">
<tag>BrowserControl</tag>
<tag>Setter</tag>
<doc>Deletes all cookies from the currently active browser context.</doc>
<msg timestamp="20240605 19:09:05.662" level="INFO">All cookies deleted.</msg>
<status status="PASS" starttime="20240605 19:09:05.659" endtime="20240605 19:09:05.663"/>
</kw>
<kw name="Get Cookies" library="Browser">
<var>@{cookie_after_deletion}</var>
<tag>Getter</tag>
<tag>PageContent</tag>
<doc>Returns cookies from the current active browser context.</doc>
<msg timestamp="20240605 19:09:05.672" level="INFO">No cookies found.</msg>
<msg timestamp="20240605 19:09:05.675" level="INFO">@{cookie_after_deletion} = [ ]</msg>
<status status="PASS" starttime="20240605 19:09:05.663" endtime="20240605 19:09:05.676"/>
</kw>
<kw name="Get Length" library="BuiltIn">
<var>${deleted_size}</var>
<arg>${cookie_after_deletion}</arg>
<doc>Returns and logs the length of the given item as an integer.</doc>
<msg timestamp="20240605 19:09:05.677" level="INFO">Length is 0</msg>
<msg timestamp="20240605 19:09:05.677" level="INFO">${deleted_size} = 0</msg>
<status status="PASS" starttime="20240605 19:09:05.676" endtime="20240605 19:09:05.677"/>
</kw>
<kw name="Log" library="BuiltIn">
<arg>${deleted_size}</arg>
<doc>Logs the given message with the given level.</doc>
<msg timestamp="20240605 19:09:05.678" level="INFO">0</msg>
<status status="PASS" starttime="20240605 19:09:05.677" endtime="20240605 19:09:05.678"/>
</kw>
<status status="PASS" starttime="20240605 19:09:00.333" endtime="20240605 19:09:05.678"/>
</test>
<status status="PASS" starttime="20240605 19:08:54.663" endtime="20240605 19:09:05.969"/>
</suite>
<statistics>
<total>
<stat pass="1" fail="0" skip="0">All Tests</stat>
</total>
<tag>
</tag>
<suite>
<stat pass="1" fail="0" skip="0" id="s1" name="CookiesTest">CookiesTest</stat>
</suite>
</statistics>
<errors>
</errors>
</robot>
