<?xml version="1.0" encoding="UTF-8"?>
<robot generator="Robot 6.1 (Python 3.11.0 on win32)" generated="20230722 14:20:32.741" rpa="false" schemaversion="4">
<suite id="s1" name="Scroll Window" source="C:\Users\simra\Desktop\BrowserLibrary_RF\BrowserTest\Scroll_Window.robot">
<test id="s1-t1" name="ScrollToElement Test" line="16">
<kw name="Open Browser to Dashboard Page" library="Resource" type="SETUP">
<kw name="Open Maximized Browser" library="Resource">
<arg>Chromium</arg>
<kw name="New Browser" library="Browser">
<arg>browser=${browser}</arg>
<arg>headless=false</arg>
<arg>args=["--start-maximized"]</arg>
<tag>BrowserControl</tag>
<tag>Setter</tag>
<doc>Create a new playwright Browser with specified options.</doc>
<msg timestamp="20230722 14:20:35.916" level="INFO">{"browser": "chromium", "headless": false, "args": ["--start-maximized"], "devtools": false, "handleSIGHUP": true, "handleSIGINT": true, "handleSIGTERM": true, "slowMo": 0.0, "timeout": 30000.0, "tracesDir": "C:\\Users\\simra\\Desktop\\BrowserLibrary_RF\\log\\browser\\traces\\ef6cea80-e24d-4cb0-b74b-e4a9ea397dd2"}</msg>
<msg timestamp="20230722 14:20:37.027" level="INFO">Successfully created browser with options: {"browser":"chromium","headless":false,"args":["--start-maximized"],"devtools":false,"handleSIGHUP":true,"handleSIGINT":true,"handleSIGTERM":true,"slowMo":0,"timeout":30000,"tracesDir":"C:\\Users\\simra\\Desktop\\BrowserLibrary_RF\\log\\browser\\traces\\ef6cea80-e24d-4cb0-b74b-e4a9ea397dd2"}</msg>
<status status="PASS" starttime="20230722 14:20:35.915" endtime="20230722 14:20:37.028"/>
</kw>
<kw name="New Context" library="Browser">
<arg>viewport=${None}</arg>
<tag>BrowserControl</tag>
<tag>Setter</tag>
<doc>Create a new BrowserContext with specified options.</doc>
<msg timestamp="20230722 14:20:37.031" level="INFO">{
  "acceptDownloads": true,
  "bypassCSP": false,
  "forcedColors": "none",
  "hideRfBrowser": "",
  "ignoreHTTPSErrors": false,
  "javaScriptEnabled": true,
  "offline": false,
  "reducedMotion": "no-preference",
  "viewport": null
}</msg>
<msg timestamp="20230722 14:20:37.075" level="INFO">Successfully created context. </msg>
<msg timestamp="20230722 14:20:37.076" level="INFO">{'acceptDownloads': True, 'bypassCSP': False, 'forcedColors': 'none', 'hideRfBrowser': '', 'ignoreHTTPSErrors': False, 'javaScriptEnabled': True, 'offline': False, 'reducedMotion': 'no-preference', 'viewport': None}</msg>
<status status="PASS" starttime="20230722 14:20:37.028" endtime="20230722 14:20:37.076"/>
</kw>
<status status="PASS" starttime="20230722 14:20:35.914" endtime="20230722 14:20:37.076"/>
</kw>
<kw name="Go to OrangHRM" library="Resource">
<arg>https://opensource-demo.orangehrmlive.com/web/index.php/auth/login</arg>
<kw name="New Page" library="Browser">
<arg>${url}</arg>
<tag>BrowserControl</tag>
<tag>Setter</tag>
<doc>Open a new Page.</doc>
<msg timestamp="20230722 14:20:39.829" level="INFO">Successfully initialized new page object and opened url: https://opensource-demo.orangehrmlive.com/web/index.php/auth/login</msg>
<status status="PASS" starttime="20230722 14:20:37.079" endtime="20230722 14:20:39.829"/>
</kw>
<status status="PASS" starttime="20230722 14:20:37.077" endtime="20230722 14:20:39.830"/>
</kw>
<kw name="Valid Login" library="Resource">
<kw name="Type Text" library="Browser">
<arg>xpath=//div[1]/div/div[2]/input</arg>
<arg>Admin</arg>
<tag>PageContent</tag>
<tag>Setter</tag>
<doc>Types the given ``txt`` into the text field found by ``selector``.</doc>
<msg timestamp="20230722 14:20:39.831" level="INFO">Types the text 'Admin' in the given field.</msg>
<status status="PASS" starttime="20230722 14:20:39.830" endtime="20230722 14:20:40.333"/>
</kw>
<kw name="Type Text" library="Browser">
<arg>xpath=//div[2]/div/div[2]/input</arg>
<arg>admin123</arg>
<tag>PageContent</tag>
<tag>Setter</tag>
<doc>Types the given ``txt`` into the text field found by ``selector``.</doc>
<msg timestamp="20230722 14:20:40.334" level="INFO">Types the text 'admin123' in the given field.</msg>
<status status="PASS" starttime="20230722 14:20:40.333" endtime="20230722 14:20:40.409"/>
</kw>
<kw name="Click" library="Browser">
<arg>css=button &gt;&gt; text=Login</arg>
<tag>PageContent</tag>
<tag>Setter</tag>
<doc>Simulates mouse click on the element found by ``selector``.</doc>
<status status="PASS" starttime="20230722 14:20:40.409" endtime="20230722 14:20:41.362"/>
</kw>
<status status="PASS" starttime="20230722 14:20:39.830" endtime="20230722 14:20:41.363"/>
</kw>
<kw name="Wait Sleep" library="Resource">
<kw name="Sleep" library="BuiltIn">
<arg>4</arg>
<doc>Pauses the test executed for the given time.</doc>
<msg timestamp="20230722 14:20:45.367" level="INFO">Slept 4 seconds</msg>
<status status="PASS" starttime="20230722 14:20:41.366" endtime="20230722 14:20:45.367"/>
</kw>
<status status="PASS" starttime="20230722 14:20:41.364" endtime="20230722 14:20:45.367"/>
</kw>
<status status="PASS" starttime="20230722 14:20:35.913" endtime="20230722 14:20:45.367"/>
</kw>
<kw name="Scroll To Element" library="Browser">
<arg>xpath=//div[5]/div/div[1]/div/p</arg>
<tag>PageContent</tag>
<tag>Setter</tag>
<doc>This method waits for actionability checks, then tries to scroll element into view,
unless it is completely visible.</doc>
<status status="PASS" starttime="20230722 14:20:45.369" endtime="20230722 14:20:45.459"/>
</kw>
<kw name="Sleep" library="BuiltIn">
<arg>4</arg>
<doc>Pauses the test executed for the given time.</doc>
<msg timestamp="20230722 14:20:49.460" level="INFO">Slept 4 seconds</msg>
<status status="PASS" starttime="20230722 14:20:45.459" endtime="20230722 14:20:49.460"/>
</kw>
<status status="PASS" starttime="20230722 14:20:35.882" endtime="20230722 14:20:49.461"/>
</test>
<status status="PASS" starttime="20230722 14:20:32.744" endtime="20230722 14:20:49.621"/>
</suite>
<statistics>
<total>
<stat pass="1" fail="0" skip="0">All Tests</stat>
</total>
<tag>
</tag>
<suite>
<stat pass="1" fail="0" skip="0" id="s1" name="Scroll Window">Scroll Window</stat>
</suite>
</statistics>
<errors>
</errors>
</robot>
