<?xml version="1.0" encoding="UTF-8"?>
<robot generator="Robot 6.1.1 (Python 3.11.0 on win32)" generated="20240726 18:44:45.882" rpa="false" schemaversion="4">
<suite id="s1" name="ExcelDataOtherKeywords RPA" source="C:\Users\simra\Desktop\BrowserLibrary_RF\BrowserTest\ExcelDataOtherKeywords_RPA.robot">
<test id="s1-t1" name="InsertTest" line="35">
<kw name="Open Workbook" library="RPA.Excel.Files">
<arg>${EXCEL FILE}</arg>
<doc>Open an existing Excel workbook.</doc>
<msg timestamp="20240726 18:44:48.203" level="INFO">Opened workbook: &lt;RPA.Excel.Files.XlsxWorkbook object at 0x00000287791BE250&gt;</msg>
<status status="PASS" starttime="20240726 18:44:48.190" endtime="20240726 18:44:48.205"/>
</kw>
<kw name="Read Worksheet" library="RPA.Excel.Files">
<arg>Data1</arg>
<doc>Read the content of a worksheet into a list of dictionaries.</doc>
<status status="PASS" starttime="20240726 18:44:48.205" endtime="20240726 18:44:48.206"/>
</kw>
<kw name="Insert Columns After" library="RPA.Excel.Files">
<arg>A</arg>
<arg>2</arg>
<doc>Insert column or columns after a column number/name.</doc>
<status status="PASS" starttime="20240726 18:44:48.206" endtime="20240726 18:44:48.206"/>
</kw>
<kw name="Insert Columns Before" library="RPA.Excel.Files">
<arg>A</arg>
<arg>3</arg>
<doc>Insert column or columns before a column number/name.</doc>
<status status="PASS" starttime="20240726 18:44:48.207" endtime="20240726 18:44:48.207"/>
</kw>
<kw name="Insert Rows After" library="RPA.Excel.Files">
<arg>1</arg>
<arg>3</arg>
<doc>Insert row or rows after a row number.</doc>
<status status="PASS" starttime="20240726 18:44:48.207" endtime="20240726 18:44:48.207"/>
</kw>
<kw name="Insert Rows Before" library="RPA.Excel.Files">
<arg>5</arg>
<arg>1</arg>
<doc>Insert row or rows before a row number.</doc>
<status status="PASS" starttime="20240726 18:44:48.207" endtime="20240726 18:44:48.208"/>
</kw>
<kw name="Save Workbook" library="RPA.Excel.Files">
<doc>Save the active workbook.</doc>
<status status="PASS" starttime="20240726 18:44:48.208" endtime="20240726 18:44:48.219"/>
</kw>
<kw name="Close Workbook" library="RPA.Excel.Files">
<doc>Close the active workbook.</doc>
<msg timestamp="20240726 18:44:48.220" level="INFO">Closing workbook: &lt;RPA.Excel.Files.XlsxWorkbook object at 0x00000287791BE250&gt;</msg>
<status status="PASS" starttime="20240726 18:44:48.220" endtime="20240726 18:44:48.220"/>
</kw>
<status status="PASS" starttime="20240726 18:44:48.188" endtime="20240726 18:44:48.220"/>
</test>
<status status="PASS" starttime="20240726 18:44:45.885" endtime="20240726 18:44:48.233"/>
</suite>
<statistics>
<total>
<stat pass="1" fail="0" skip="0">All Tests</stat>
</total>
<tag>
</tag>
<suite>
<stat pass="1" fail="0" skip="0" id="s1" name="ExcelDataOtherKeywords RPA">ExcelDataOtherKeywords RPA</stat>
</suite>
</statistics>
<errors>
</errors>
</robot>
