<?xml version="1.0" encoding="UTF-8"?>
<robot generator="Robot 6.1 (Python 3.11.0 on win32)" generated="20240629 16:55:21.554" rpa="false" schemaversion="4">
<suite id="s1" name="Assertions" source="C:\Users\simra\Desktop\BrowserLibrary_RF\BrowserTest\Assertions.robot">
<test id="s1-t1" name="AssertionTest" line="14">
<kw name="Open Browser to Register Page" library="Resource" type="SETUP">
<kw name="Open Maximized Browser" library="Resource">
<arg>Chromium</arg>
<kw name="New Browser" library="Browser">
<arg>browser=${browser}</arg>
<arg>headless=false</arg>
<arg>args=["--start-maximized"]</arg>
<tag>BrowserControl</tag>
<tag>Setter</tag>
<doc>Create a new playwright Browser with specified options.</doc>
<msg timestamp="20240629 16:55:24.741" level="INFO">{"browser": "chromium", "headless": false, "args": ["--start-maximized"], "devtools": false, "handleSIGHUP": true, "handleSIGINT": true, "handleSIGTERM": true, "slowMo": 0.0, "timeout": 30000.0, "tracesDir": "C:\\Users\\simra\\Desktop\\BrowserLibrary_RF\\log\\browser\\traces\\21f833d4-1f1c-4f5c-a551-9e11dbb28b97"}</msg>
<msg timestamp="20240629 16:55:25.926" level="INFO">Successfully created browser with options: {"browser":"chromium","headless":false,"args":["--start-maximized"],"devtools":false,"handleSIGHUP":true,"handleSIGINT":true,"handleSIGTERM":true,"slowMo":0,"timeout":30000,"tracesDir":"C:\\Users\\simra\\Desktop\\BrowserLibrary_RF\\log\\browser\\traces\\21f833d4-1f1c-4f5c-a551-9e11dbb28b97"}</msg>
<status status="PASS" starttime="20240629 16:55:24.741" endtime="20240629 16:55:25.926"/>
</kw>
<kw name="New Context" library="Browser">
<arg>viewport=${None}</arg>
<tag>BrowserControl</tag>
<tag>Setter</tag>
<doc>Create a new BrowserContext with specified options.</doc>
<msg timestamp="20240629 16:55:25.926" level="INFO">{
  "acceptDownloads": true,
  "bypassCSP": false,
  "forcedColors": "none",
  "hideRfBrowser": "",
  "ignoreHTTPSErrors": false,
  "javaScriptEnabled": true,
  "offline": false,
  "reducedMotion": "no-preference",
  "viewport": null
}</msg>
<msg timestamp="20240629 16:55:25.958" level="INFO">Successfully created context. </msg>
<msg timestamp="20240629 16:55:25.961" level="INFO">{'acceptDownloads': True, 'bypassCSP': False, 'forcedColors': 'none', 'hideRfBrowser': '', 'ignoreHTTPSErrors': False, 'javaScriptEnabled': True, 'offline': False, 'reducedMotion': 'no-preference', 'viewport': None}</msg>
<status status="PASS" starttime="20240629 16:55:25.926" endtime="20240629 16:55:25.961"/>
</kw>
<status status="PASS" starttime="20240629 16:55:24.741" endtime="20240629 16:55:25.962"/>
</kw>
<kw name="Go to Site" library="Resource">
<arg>https://demo.nopcommerce.com/register</arg>
<kw name="New Page" library="Browser">
<arg>${url}</arg>
<tag>BrowserControl</tag>
<tag>Setter</tag>
<doc>Open a new Page.</doc>
<msg timestamp="20240629 16:55:27.883" level="INFO">Successfully initialized new page object and opened url: https://demo.nopcommerce.com/register</msg>
<status status="PASS" starttime="20240629 16:55:25.962" endtime="20240629 16:55:27.883"/>
</kw>
<status status="PASS" starttime="20240629 16:55:25.962" endtime="20240629 16:55:27.883"/>
</kw>
<kw name="Wait Sleep" library="Resource">
<kw name="Sleep" library="BuiltIn">
<arg>2</arg>
<doc>Pauses the test executed for the given time.</doc>
<msg timestamp="20240629 16:55:29.892" level="INFO">Slept 2 seconds</msg>
<status status="PASS" starttime="20240629 16:55:27.891" endtime="20240629 16:55:29.892"/>
</kw>
<status status="PASS" starttime="20240629 16:55:27.891" endtime="20240629 16:55:29.892"/>
</kw>
<status status="PASS" starttime="20240629 16:55:24.741" endtime="20240629 16:55:29.892"/>
</kw>
<kw name="Get Text" library="Browser">
<arg>//div[@class='page-title']/h1</arg>
<arg>==</arg>
<arg>${expected_text}</arg>
<tag>Assertion</tag>
<tag>Getter</tag>
<tag>PageContent</tag>
<doc>Returns text attribute of the element found by ``selector``.</doc>
<msg timestamp="20240629 16:55:29.956" level="INFO">Text: 'Register'</msg>
<status status="PASS" starttime="20240629 16:55:29.892" endtime="20240629 16:55:29.961"/>
</kw>
<kw name="Get Title" library="Browser">
<arg>==</arg>
<arg>${expected_title}</arg>
<tag>Assertion</tag>
<tag>Getter</tag>
<tag>PageContent</tag>
<doc>Returns the title of the current page.</doc>
<msg timestamp="20240629 16:55:29.961" level="INFO">Title: 'nopCommerce demo store. Register'</msg>
<status status="PASS" starttime="20240629 16:55:29.961" endtime="20240629 16:55:29.961"/>
</kw>
<kw name="Get Url" library="Browser">
<arg>==</arg>
<arg>${expected_url}</arg>
<tag>Assertion</tag>
<tag>Getter</tag>
<tag>PageContent</tag>
<doc>Returns the current URL.</doc>
<status status="PASS" starttime="20240629 16:55:29.961" endtime="20240629 16:55:29.961"/>
</kw>
<kw name="Get Element Count" library="Browser">
<arg>//a</arg>
<arg>&gt;</arg>
<arg>60</arg>
<tag>Assertion</tag>
<tag>Getter</tag>
<tag>PageContent</tag>
<doc>Returns the count of elements found with ``selector``.</doc>
<status status="PASS" starttime="20240629 16:55:29.961" endtime="20240629 16:55:29.972"/>
</kw>
<kw name="Get Element States" library="Browser">
<arg>//input[@id='gender-male']</arg>
<arg>contains</arg>
<arg>unchecked</arg>
<arg>visible</arg>
<arg>enabled</arg>
<arg>editable</arg>
<tag>Assertion</tag>
<tag>Getter</tag>
<tag>PageContent</tag>
<doc>Get the active states from the element found by ``selector``.</doc>
<msg timestamp="20240629 16:55:30.004" level="INFO">States are: ['attached', 'visible', 'enabled', 'editable', 'defocused', 'unchecked']</msg>
<status status="PASS" starttime="20240629 16:55:29.972" endtime="20240629 16:55:30.004"/>
</kw>
<kw name="Scroll To Element" library="Browser">
<arg>//input[@id='Newsletter']</arg>
<tag>PageContent</tag>
<tag>Setter</tag>
<doc>This method waits for actionability checks, then tries to scroll element into view,
unless it is completely visible.</doc>
<status status="PASS" starttime="20240629 16:55:30.004" endtime="20240629 16:55:30.044"/>
</kw>
<kw name="Get Checkbox State" library="Browser">
<arg>//input[@id='Newsletter']</arg>
<arg>==</arg>
<arg>checked</arg>
<tag>Assertion</tag>
<tag>Getter</tag>
<tag>PageContent</tag>
<doc>Returns the state of the checkbox found by ``selector``.</doc>
<msg timestamp="20240629 16:55:30.062" level="INFO">Retrieved dom property for element //input[@id='Newsletter'] containing true</msg>
<msg timestamp="20240629 16:55:30.062" level="INFO">Checkbox is checked</msg>
<status status="PASS" starttime="20240629 16:55:30.044" endtime="20240629 16:55:30.062"/>
</kw>
<kw name="Scroll To Element" library="Browser">
<arg>//div[1]/div[2]/div[2]/input</arg>
<tag>PageContent</tag>
<tag>Setter</tag>
<doc>This method waits for actionability checks, then tries to scroll element into view,
unless it is completely visible.</doc>
<status status="PASS" starttime="20240629 16:55:30.062" endtime="20240629 16:55:30.092"/>
</kw>
<kw name="Get Attribute" library="Browser">
<arg>//div[1]/div[2]/div[2]/input</arg>
<arg>name</arg>
<arg>==</arg>
<arg>${expected_attrvalue}</arg>
<tag>Assertion</tag>
<tag>Getter</tag>
<tag>PageContent</tag>
<doc>Returns the HTML ``attribute`` of the element found by ``selector``.</doc>
<msg timestamp="20240629 16:55:30.111" level="INFO">Attribute is: 'FirstName'</msg>
<status status="PASS" starttime="20240629 16:55:30.092" endtime="20240629 16:55:30.111"/>
</kw>
<kw name="Get Attribute Names" library="Browser">
<arg>//div[1]/div[2]/div[2]/input</arg>
<arg>contains</arg>
<arg>id</arg>
<arg>name</arg>
<arg>type</arg>
<tag>Assertion</tag>
<tag>Getter</tag>
<tag>PageContent</tag>
<doc>Returns all HTML attribute names of an element as a list.</doc>
<msg timestamp="20240629 16:55:30.133" level="INFO">JavaScript executed successfully.</msg>
<status status="PASS" starttime="20240629 16:55:30.111" endtime="20240629 16:55:30.133"/>
</kw>
<kw name="Get BoundingBox" library="Browser">
<arg>//div[1]/div[2]/div[2]/input</arg>
<arg>width</arg>
<arg>==</arg>
<arg>400</arg>
<tag>Assertion</tag>
<tag>Getter</tag>
<tag>PageContent</tag>
<doc>Gets elements size and location as an object ``{x: float, y: float, width: float, height: float}``.</doc>
<msg timestamp="20240629 16:55:30.150" level="INFO">Value of 'BoundingBoxFields.width'': 400</msg>
<status status="PASS" starttime="20240629 16:55:30.133" endtime="20240629 16:55:30.150"/>
</kw>
<kw name="Get Property" library="Browser">
<arg>//form/div[1]/div[1]/strong</arg>
<arg>innerText</arg>
<arg>==</arg>
<arg>${expected_inner_text}</arg>
<tag>Assertion</tag>
<tag>Getter</tag>
<tag>PageContent</tag>
<doc>Returns the ``property`` of the element found by ``selector``.</doc>
<msg timestamp="20240629 16:55:30.166" level="INFO">Property: 'Your Personal Details'</msg>
<status status="PASS" starttime="20240629 16:55:30.150" endtime="20240629 16:55:30.166"/>
</kw>
<status status="PASS" starttime="20240629 16:55:24.741" endtime="20240629 16:55:30.166"/>
</test>
<status status="PASS" starttime="20240629 16:55:21.554" endtime="20240629 16:55:30.295"/>
</suite>
<statistics>
<total>
<stat pass="1" fail="0" skip="0">All Tests</stat>
</total>
<tag>
</tag>
<suite>
<stat pass="1" fail="0" skip="0" id="s1" name="Assertions">Assertions</stat>
</suite>
</statistics>
<errors>
</errors>
</robot>
