<?xml version="1.0" encoding="UTF-8"?>
<robot generator="Robot 6.1.1 (Python 3.11.0 on win32)" generated="20240824 14:24:26.832" rpa="false" schemaversion="4">
<suite id="s1" name="ParallelTests" source="C:\Users\simra\Desktop\BrowserLibrary_RF\BrowserTest\ParallelTests">
<suite id="s1-s1" name="TestChrome" source="C:\Users\simra\Desktop\BrowserLibrary_RF\BrowserTest\ParallelTests\TestChrome.robot">
<test id="s1-s1-t1" name="FirstChromeTest" line="9">
<kw name="Open Browser in Chrome" library="Resource" type="SETUP">
<kw name="Open Maximized Browser" library="Resource">
<arg>Chromium</arg>
<kw name="New Browser" library="Browser">
<arg>browser=${browser}</arg>
<arg>headless=false</arg>
<arg>args=["--start-maximized"]</arg>
<tag>BrowserControl</tag>
<tag>Setter</tag>
<doc>Create a new playwright Browser with specified options.</doc>
<msg timestamp="20240824 14:24:29.005" level="INFO">{"browser": "chromium", "headless": false, "args": ["--start-maximized"], "devtools": false, "handleSIGHUP": true, "handleSIGINT": true, "handleSIGTERM": true, "slowMo": 0.0, "timeout": 30000.0, "tracesDir": "C:\\Users\\simra\\Desktop\\BrowserLibrary_RF\\BrowserTest\\pabot_results\\0\\browser\\traces\\bbf79d7d-af88-486e-a71d-a003fbd8c5c3"}</msg>
<msg timestamp="20240824 14:24:31.883" level="INFO">Successfully created browser with options: {"browser":"chromium","headless":false,"args":["--start-maximized"],"devtools":false,"handleSIGHUP":true,"handleSIGINT":true,"handleSIGTERM":true,"slowMo":0,"timeout":30000,"tracesDir":"C:\\Users\\simra\\Desktop\\BrowserLibrary_RF\\BrowserTest\\pabot_results\\0\\browser\\traces\\bbf79d7d-af88-486e-a71d-a003fbd8c5c3"}</msg>
<status status="PASS" starttime="20240824 14:24:29.003" endtime="20240824 14:24:31.884"/>
</kw>
<kw name="New Context" library="Browser">
<arg>viewport=${None}</arg>
<tag>BrowserControl</tag>
<tag>Setter</tag>
<doc>Create a new BrowserContext with specified options.</doc>
<msg timestamp="20240824 14:24:31.886" level="INFO">{
  "acceptDownloads": true,
  "bypassCSP": false,
  "forcedColors": "none",
  "hideRfBrowser": "",
  "ignoreHTTPSErrors": false,
  "javaScriptEnabled": true,
  "offline": false,
  "reducedMotion": "no-preference",
  "viewport": null
}</msg>
<msg timestamp="20240824 14:24:32.045" level="INFO">Successfully created context. </msg>
<msg timestamp="20240824 14:24:32.045" level="INFO">{'acceptDownloads': True, 'bypassCSP': False, 'forcedColors': 'none', 'hideRfBrowser': '', 'ignoreHTTPSErrors': False, 'javaScriptEnabled': True, 'offline': False, 'reducedMotion': 'no-preference', 'viewport': None}</msg>
<status status="PASS" starttime="20240824 14:24:31.884" endtime="20240824 14:24:32.045"/>
</kw>
<status status="PASS" starttime="20240824 14:24:29.001" endtime="20240824 14:24:32.046"/>
</kw>
<kw name="Go to Site" library="Resource">
<arg>https://demo.nopcommerce.com/</arg>
<kw name="New Page" library="Browser">
<arg>${url}</arg>
<tag>BrowserControl</tag>
<tag>Setter</tag>
<doc>Open a new Page.</doc>
<msg timestamp="20240824 14:24:36.720" level="INFO">Successfully initialized new page object and opened url: https://demo.nopcommerce.com/</msg>
<status status="PASS" starttime="20240824 14:24:32.047" endtime="20240824 14:24:36.721"/>
</kw>
<status status="PASS" starttime="20240824 14:24:32.046" endtime="20240824 14:24:36.722"/>
</kw>
<status status="PASS" starttime="20240824 14:24:29.000" endtime="20240824 14:24:36.722"/>
</kw>
<kw name="Log To Console" library="BuiltIn">
<arg>FirstChromeTest</arg>
<doc>Logs the given message to the console.</doc>
<status status="PASS" starttime="20240824 14:24:36.723" endtime="20240824 14:24:36.723"/>
</kw>
<status status="PASS" starttime="20240824 14:24:28.992" endtime="20240824 14:24:36.724"/>
</test>
<status status="PASS" starttime="20240824 14:24:26.862" endtime="20240824 14:24:37.922"/>
</suite>
<status status="PASS" starttime="20240824 14:24:26.844" endtime="20240824 14:24:37.940"/>
</suite>
<statistics>
<total>
<stat pass="1" fail="0" skip="0">All Tests</stat>
</total>
<tag>
</tag>
<suite>
<stat pass="1" fail="0" skip="0" id="s1" name="ParallelTests">ParallelTests</stat>
<stat pass="1" fail="0" skip="0" id="s1-s1" name="TestChrome">ParallelTests.TestChrome</stat>
</suite>
</statistics>
<errors>
</errors>
</robot>
