<?xml version="1.0" encoding="UTF-8"?>
<robot generator="Robot 6.1.1 (Python 3.11.0 on win32)" generated="20240824 14:24:26.896" rpa="false" schemaversion="4">
<suite id="s1" name="ParallelTests" source="C:\Users\simra\Desktop\BrowserLibrary_RF\BrowserTest\ParallelTests">
<suite id="s1-s1" name="TestChrome1" source="C:\Users\simra\Desktop\BrowserLibrary_RF\BrowserTest\ParallelTests\TestChrome1.robot">
<test id="s1-s1-t1" name="FourthChromeTest" line="12">
<kw name="Open Browser in Chrome" library="Resource" type="SETUP">
<kw name="Open Maximized Browser" library="Resource">
<arg>Chromium</arg>
<kw name="New Browser" library="Browser">
<arg>browser=${browser}</arg>
<arg>headless=false</arg>
<arg>args=["--start-maximized"]</arg>
<tag>BrowserControl</tag>
<tag>Setter</tag>
<doc>Create a new playwright Browser with specified options.</doc>
<msg timestamp="20240824 14:24:29.064" level="INFO">{"browser": "chromium", "headless": false, "args": ["--start-maximized"], "devtools": false, "handleSIGHUP": true, "handleSIGINT": true, "handleSIGTERM": true, "slowMo": 0.0, "timeout": 30000.0, "tracesDir": "C:\\Users\\simra\\Desktop\\BrowserLibrary_RF\\BrowserTest\\pabot_results\\3\\browser\\traces\\932f3f59-1773-4243-9cfd-f2ea7494bbcd"}</msg>
<msg timestamp="20240824 14:24:31.781" level="INFO">Successfully created browser with options: {"browser":"chromium","headless":false,"args":["--start-maximized"],"devtools":false,"handleSIGHUP":true,"handleSIGINT":true,"handleSIGTERM":true,"slowMo":0,"timeout":30000,"tracesDir":"C:\\Users\\simra\\Desktop\\BrowserLibrary_RF\\BrowserTest\\pabot_results\\3\\browser\\traces\\932f3f59-1773-4243-9cfd-f2ea7494bbcd"}</msg>
<status status="PASS" starttime="20240824 14:24:29.062" endtime="20240824 14:24:31.781"/>
</kw>
<kw name="New Context" library="Browser">
<arg>viewport=${None}</arg>
<tag>BrowserControl</tag>
<tag>Setter</tag>
<doc>Create a new BrowserContext with specified options.</doc>
<msg timestamp="20240824 14:24:31.784" level="INFO">{
  "acceptDownloads": true,
  "bypassCSP": false,
  "forcedColors": "none",
  "hideRfBrowser": "",
  "ignoreHTTPSErrors": false,
  "javaScriptEnabled": true,
  "offline": false,
  "reducedMotion": "no-preference",
  "viewport": null
}</msg>
<msg timestamp="20240824 14:24:32.020" level="INFO">Successfully created context. </msg>
<msg timestamp="20240824 14:24:32.020" level="INFO">{'acceptDownloads': True, 'bypassCSP': False, 'forcedColors': 'none', 'hideRfBrowser': '', 'ignoreHTTPSErrors': False, 'javaScriptEnabled': True, 'offline': False, 'reducedMotion': 'no-preference', 'viewport': None}</msg>
<status status="PASS" starttime="20240824 14:24:31.782" endtime="20240824 14:24:32.020"/>
</kw>
<status status="PASS" starttime="20240824 14:24:29.061" endtime="20240824 14:24:32.020"/>
</kw>
<kw name="Go to Site" library="Resource">
<arg>https://demo.nopcommerce.com/</arg>
<kw name="New Page" library="Browser">
<arg>${url}</arg>
<tag>BrowserControl</tag>
<tag>Setter</tag>
<doc>Open a new Page.</doc>
<msg timestamp="20240824 14:24:36.891" level="INFO">Successfully initialized new page object and opened url: https://demo.nopcommerce.com/</msg>
<status status="PASS" starttime="20240824 14:24:32.022" endtime="20240824 14:24:36.893"/>
</kw>
<status status="PASS" starttime="20240824 14:24:32.021" endtime="20240824 14:24:36.894"/>
</kw>
<status status="PASS" starttime="20240824 14:24:29.060" endtime="20240824 14:24:36.894"/>
</kw>
<kw name="Log To Console" library="BuiltIn">
<arg>FourthChromeTest</arg>
<doc>Logs the given message to the console.</doc>
<status status="PASS" starttime="20240824 14:24:36.894" endtime="20240824 14:24:36.903"/>
</kw>
<status status="PASS" starttime="20240824 14:24:29.050" endtime="20240824 14:24:36.904"/>
</test>
<status status="PASS" starttime="20240824 14:24:26.926" endtime="20240824 14:24:37.693"/>
</suite>
<status status="PASS" starttime="20240824 14:24:26.908" endtime="20240824 14:24:37.723"/>
</suite>
<statistics>
<total>
<stat pass="1" fail="0" skip="0">All Tests</stat>
</total>
<tag>
</tag>
<suite>
<stat pass="1" fail="0" skip="0" id="s1" name="ParallelTests">ParallelTests</stat>
<stat pass="1" fail="0" skip="0" id="s1-s1" name="TestChrome1">ParallelTests.TestChrome1</stat>
</suite>
</statistics>
<errors>
</errors>
</robot>
