<?xml version="1.0" encoding="UTF-8"?>
<robot generator="Robot 6.1.1 (Python 3.11.0 on win32)" generated="20240824 14:24:26.848" rpa="false" schemaversion="4">
<suite id="s1" name="ParallelTests" source="C:\Users\simra\Desktop\BrowserLibrary_RF\BrowserTest\ParallelTests">
<suite id="s1-s1" name="TestChrome1" source="C:\Users\simra\Desktop\BrowserLibrary_RF\BrowserTest\ParallelTests\TestChrome1.robot">
<test id="s1-s1-t1" name="SecondChromeTest" line="9">
<kw name="Open Browser in Chrome" library="Resource" type="SETUP">
<kw name="Open Maximized Browser" library="Resource">
<arg>Chromium</arg>
<kw name="New Browser" library="Browser">
<arg>browser=${browser}</arg>
<arg>headless=false</arg>
<arg>args=["--start-maximized"]</arg>
<tag>BrowserControl</tag>
<tag>Setter</tag>
<doc>Create a new playwright Browser with specified options.</doc>
<msg timestamp="20240824 14:24:29.005" level="INFO">{"browser": "chromium", "headless": false, "args": ["--start-maximized"], "devtools": false, "handleSIGHUP": true, "handleSIGINT": true, "handleSIGTERM": true, "slowMo": 0.0, "timeout": 30000.0, "tracesDir": "C:\\Users\\simra\\Desktop\\BrowserLibrary_RF\\BrowserTest\\pabot_results\\2\\browser\\traces\\dbd94374-78bd-4597-bf56-324d9b206cbe"}</msg>
<msg timestamp="20240824 14:24:31.834" level="INFO">Successfully created browser with options: {"browser":"chromium","headless":false,"args":["--start-maximized"],"devtools":false,"handleSIGHUP":true,"handleSIGINT":true,"handleSIGTERM":true,"slowMo":0,"timeout":30000,"tracesDir":"C:\\Users\\simra\\Desktop\\BrowserLibrary_RF\\BrowserTest\\pabot_results\\2\\browser\\traces\\dbd94374-78bd-4597-bf56-324d9b206cbe"}</msg>
<status status="PASS" starttime="20240824 14:24:29.003" endtime="20240824 14:24:31.842"/>
</kw>
<kw name="New Context" library="Browser">
<arg>viewport=${None}</arg>
<tag>BrowserControl</tag>
<tag>Setter</tag>
<doc>Create a new BrowserContext with specified options.</doc>
<msg timestamp="20240824 14:24:31.861" level="INFO">{
  "acceptDownloads": true,
  "bypassCSP": false,
  "forcedColors": "none",
  "hideRfBrowser": "",
  "ignoreHTTPSErrors": false,
  "javaScriptEnabled": true,
  "offline": false,
  "reducedMotion": "no-preference",
  "viewport": null
}</msg>
<msg timestamp="20240824 14:24:32.037" level="INFO">Successfully created context. </msg>
<msg timestamp="20240824 14:24:32.038" level="INFO">{'acceptDownloads': True, 'bypassCSP': False, 'forcedColors': 'none', 'hideRfBrowser': '', 'ignoreHTTPSErrors': False, 'javaScriptEnabled': True, 'offline': False, 'reducedMotion': 'no-preference', 'viewport': None}</msg>
<status status="PASS" starttime="20240824 14:24:31.860" endtime="20240824 14:24:32.038"/>
</kw>
<status status="PASS" starttime="20240824 14:24:29.001" endtime="20240824 14:24:32.039"/>
</kw>
<kw name="Go to Site" library="Resource">
<arg>https://demo.nopcommerce.com/</arg>
<kw name="New Page" library="Browser">
<arg>${url}</arg>
<tag>BrowserControl</tag>
<tag>Setter</tag>
<doc>Open a new Page.</doc>
<msg timestamp="20240824 14:24:36.894" level="INFO">Successfully initialized new page object and opened url: https://demo.nopcommerce.com/</msg>
<status status="PASS" starttime="20240824 14:24:32.040" endtime="20240824 14:24:36.951"/>
</kw>
<status status="PASS" starttime="20240824 14:24:32.039" endtime="20240824 14:24:36.952"/>
</kw>
<status status="PASS" starttime="20240824 14:24:29.000" endtime="20240824 14:24:36.953"/>
</kw>
<kw name="Log To Console" library="BuiltIn">
<arg>SecondChromeTest</arg>
<doc>Logs the given message to the console.</doc>
<status status="PASS" starttime="20240824 14:24:36.954" endtime="20240824 14:24:36.956"/>
</kw>
<status status="PASS" starttime="20240824 14:24:28.992" endtime="20240824 14:24:36.974"/>
</test>
<status status="PASS" starttime="20240824 14:24:26.884" endtime="20240824 14:24:38.098"/>
</suite>
<status status="PASS" starttime="20240824 14:24:26.858" endtime="20240824 14:24:38.122"/>
</suite>
<statistics>
<total>
<stat pass="1" fail="0" skip="0">All Tests</stat>
</total>
<tag>
</tag>
<suite>
<stat pass="1" fail="0" skip="0" id="s1" name="ParallelTests">ParallelTests</stat>
<stat pass="1" fail="0" skip="0" id="s1-s1" name="TestChrome1">ParallelTests.TestChrome1</stat>
</suite>
</statistics>
<errors>
</errors>
</robot>
